"../../../Engine/Content/EngineResources/DefaultTexture.ubulk" 0
"../../../Engine/Content/EngineResources/DefaultTexture.uasset" 1
"../../../Engine/Content/EngineResources/DefaultTexture.uexp" 2
"../../../Engine/Content/EngineResources/DefaultTextureCube.uasset" 3
"../../../Engine/Content/EngineResources/DefaultTextureCube.uexp" 4
"../../../Engine/Content/EngineResources/DefaultVolumeTexture2D.uasset" 5
"../../../Engine/Content/EngineResources/DefaultVolumeTexture2D.uexp" 6
"../../../Engine/Content/EngineResources/DefaultVolumeTexture.uasset" 7
"../../../Engine/Content/EngineResources/DefaultVolumeTexture.uexp" 8
"../../../Engine/Content/EngineMeshes/Sphere.uasset" 9
"../../../Engine/Content/EngineMeshes/Sphere.uexp" 10
"../../../Engine/Content/EngineResources/GradientTexture0.uasset" 11
"../../../Engine/Content/EngineResources/GradientTexture0.uexp" 12
"../../../Engine/Content/EngineResources/Black.uasset" 13
"../../../Engine/Content/EngineResources/Black.uexp" 14
"../../../Engine/Content/EngineMaterials/T_Default_Material_Grid_M.ubulk" 15
"../../../Engine/Content/EngineMaterials/T_Default_Material_Grid_M.uasset" 16
"../../../Engine/Content/EngineMaterials/T_Default_Material_Grid_M.uexp" 17
"../../../Engine/Content/EngineMaterials/T_Default_Material_Grid_N.ubulk" 18
"../../../Engine/Content/EngineMaterials/T_Default_Material_Grid_N.uasset" 19
"../../../Engine/Content/EngineMaterials/T_Default_Material_Grid_N.uexp" 20
"../../../Engine/Content/Functions/Engine_MaterialFunctions01/Opacity/CameraDepthFade.uasset" 21
"../../../Engine/Content/Functions/Engine_MaterialFunctions01/Opacity/CameraDepthFade.uexp" 22
"../../../Engine/Content/EngineMaterials/WorldGridMaterial.uasset" 23
"../../../Engine/Content/EngineMaterials/WorldGridMaterial.uexp" 24
"../../../Engine/Content/ArtTools/RenderToTexture/Meshes/S_1_Unit_Plane.uasset" 25
"../../../Engine/Content/ArtTools/RenderToTexture/Meshes/S_1_Unit_Plane.uexp" 26
"../../../Engine/Plugins/Media/MediaPlate/Content/SM_MediaPlateScreen.uasset" 27
"../../../Engine/Plugins/Media/MediaPlate/Content/SM_MediaPlateScreen.uexp" 28
"../../../Engine/Content/EngineMaterials/DefaultBokeh.uasset" 29
"../../../Engine/Content/EngineMaterials/DefaultBokeh.uexp" 30
"../../../Engine/Content/EngineMaterials/MiniFont.uasset" 31
"../../../Engine/Content/EngineMaterials/MiniFont.uexp" 32
"../../../Engine/Content/EngineMaterials/WeightMapPlaceholderTexture.uasset" 33
"../../../Engine/Content/EngineMaterials/WeightMapPlaceholderTexture.uexp" 34
"../../../Engine/Content/EngineMaterials/WeightMapArrayPlaceholderTexture.uasset" 35
"../../../Engine/Content/EngineMaterials/WeightMapArrayPlaceholderTexture.uexp" 36
"../../../Engine/Content/EngineMaterials/DefaultWhiteGrid.ubulk" 37
"../../../Engine/Content/EngineMaterials/DefaultWhiteGrid.uasset" 38
"../../../Engine/Content/EngineMaterials/DefaultWhiteGrid.uexp" 39
"../../../Engine/Content/EngineMaterials/PreintegratedSkinBRDF.uasset" 40
"../../../Engine/Content/EngineMaterials/PreintegratedSkinBRDF.uexp" 41
"../../../Engine/Content/Functions/Engine_MaterialFunctions02/WorldPositionOffset/CameraOffset.uasset" 42
"../../../Engine/Content/Functions/Engine_MaterialFunctions02/WorldPositionOffset/CameraOffset.uexp" 43
"../../../Engine/Plugins/Animation/ControlRig/Content/M_Manip.uasset" 44
"../../../Engine/Plugins/Animation/ControlRig/Content/M_Manip.uexp" 45
"../../../Engine/Plugins/Animation/ACLPlugin/Content/ACLAnimCurveCompressionSettings.uasset" 46
"../../../Engine/Plugins/Animation/ACLPlugin/Content/ACLAnimCurveCompressionSettings.uexp" 47
"../../../Engine/Plugins/Animation/ACLPlugin/Content/ACLAnimBoneCompressionSettings.uasset" 48
"../../../Engine/Plugins/Animation/ACLPlugin/Content/ACLAnimBoneCompressionSettings.uexp" 49
"../../../Engine/Plugins/2D/Paper2D/Content/PlaceholderTextures/DummySpriteTexture.ubulk" 50
"../../../Engine/Plugins/2D/Paper2D/Content/PlaceholderTextures/DummySpriteTexture.uasset" 51
"../../../Engine/Plugins/2D/Paper2D/Content/PlaceholderTextures/DummySpriteTexture.uexp" 52
"../../../Engine/Plugins/2D/Paper2D/Content/DefaultSpriteMaterial.uasset" 53
"../../../Engine/Plugins/2D/Paper2D/Content/DefaultSpriteMaterial.uexp" 54
"../../../Engine/Plugins/2D/Paper2D/Content/OpaqueUnlitSpriteMaterial.uasset" 55
"../../../Engine/Plugins/2D/Paper2D/Content/OpaqueUnlitSpriteMaterial.uexp" 56
"../../../Engine/Plugins/2D/Paper2D/Content/MaskedUnlitSpriteMaterial.uasset" 57
"../../../Engine/Plugins/2D/Paper2D/Content/MaskedUnlitSpriteMaterial.uexp" 58
"../../../Engine/Plugins/2D/Paper2D/Content/DummySprite.uasset" 59
"../../../Engine/Plugins/2D/Paper2D/Content/DummySprite.uexp" 60
"../../../Engine/Plugins/2D/Paper2D/Content/DefaultPaperTerrainMaterial.uasset" 61
"../../../Engine/Plugins/2D/Paper2D/Content/DefaultPaperTerrainMaterial.uexp" 62
"../../../Engine/Plugins/Runtime/MeshModelingToolset/Content/Materials/M_DynamicMeshComponentVtxColor.uasset" 63
"../../../Engine/Plugins/Runtime/MeshModelingToolset/Content/Materials/M_DynamicMeshComponentVtxColor.uexp" 64
"../../../Engine/Plugins/Interchange/Runtime/Content/Pipelines/DefaultTexturePipeline.uasset" 65
"../../../Engine/Plugins/Interchange/Runtime/Content/Pipelines/DefaultTexturePipeline.uexp" 66
"../../../Engine/Plugins/Interchange/Runtime/Content/Pipelines/DefaultSceneLevelPipeline.uasset" 67
"../../../Engine/Plugins/Interchange/Runtime/Content/Pipelines/DefaultSceneLevelPipeline.uexp" 68
"../../../Engine/Plugins/Interchange/Runtime/Content/Pipelines/DefaultSceneAssetsPipeline.uasset" 69
"../../../Engine/Plugins/Interchange/Runtime/Content/Pipelines/DefaultSceneAssetsPipeline.uexp" 70
"../../../Engine/Plugins/Interchange/Runtime/Content/Pipelines/DefaultMaterialXPipeline.uasset" 71
"../../../Engine/Plugins/Interchange/Runtime/Content/Pipelines/DefaultMaterialXPipeline.uexp" 72
"../../../Engine/Plugins/Interchange/Runtime/Content/Pipelines/DefaultMaterialPipeline.uasset" 73
"../../../Engine/Plugins/Interchange/Runtime/Content/Pipelines/DefaultMaterialPipeline.uexp" 74
"../../../Engine/Plugins/Interchange/Runtime/Content/Pipelines/DefaultGLTFSceneAssetsPipeline.uasset" 75
"../../../Engine/Plugins/Interchange/Runtime/Content/Pipelines/DefaultGLTFSceneAssetsPipeline.uexp" 76
"../../../Engine/Plugins/Interchange/Runtime/Content/Pipelines/DefaultGLTFPipeline.uasset" 77
"../../../Engine/Plugins/Interchange/Runtime/Content/Pipelines/DefaultGLTFPipeline.uexp" 78
"../../../Engine/Plugins/Interchange/Runtime/Content/Pipelines/DefaultGLTFAssetsPipeline.uasset" 79
"../../../Engine/Plugins/Interchange/Runtime/Content/Pipelines/DefaultGLTFAssetsPipeline.uexp" 80
"../../../Engine/Plugins/Interchange/Runtime/Content/Pipelines/DefaultAssetsPipeline.uasset" 81
"../../../Engine/Plugins/Interchange/Runtime/Content/Pipelines/DefaultAssetsPipeline.uexp" 82
"../../../Engine/Plugins/Interchange/Runtime/Content/Functions/MX_UsdPreviewSurface.uasset" 83
"../../../Engine/Plugins/Interchange/Runtime/Content/Functions/MX_UsdPreviewSurface.uexp" 84
"../../../Engine/Plugins/Interchange/Runtime/Content/Functions/MX_UniformEDF.uasset" 85
"../../../Engine/Plugins/Interchange/Runtime/Content/Functions/MX_UniformEDF.uexp" 86
"../../../Engine/Plugins/Interchange/Runtime/Content/Functions/MX_TranslucentBSDF.uasset" 87
"../../../Engine/Plugins/Interchange/Runtime/Content/Functions/MX_TranslucentBSDF.uexp" 88
"../../../Engine/Plugins/Interchange/Runtime/Content/Functions/MX_ThinFilmBSDF.uasset" 89
"../../../Engine/Plugins/Interchange/Runtime/Content/Functions/MX_ThinFilmBSDF.uexp" 90
"../../../Engine/Plugins/Interchange/Runtime/Content/Functions/MX_SurfaceUnlit.uasset" 91
"../../../Engine/Plugins/Interchange/Runtime/Content/Functions/MX_SurfaceUnlit.uexp" 92
"../../../Engine/Plugins/Interchange/Runtime/Content/Functions/MX_Surface.uasset" 93
"../../../Engine/Plugins/Interchange/Runtime/Content/Functions/MX_Surface.uexp" 94
"../../../Engine/Plugins/Interchange/Runtime/Content/Functions/MX_SubsurfaceBSDF.uasset" 95
"../../../Engine/Plugins/Interchange/Runtime/Content/Functions/MX_SubsurfaceBSDF.uexp" 96
"../../../Engine/Plugins/Interchange/Runtime/Content/Functions/MX_SheenBSDF.uasset" 97
"../../../Engine/Plugins/Interchange/Runtime/Content/Functions/MX_SheenBSDF.uexp" 98
"../../../Engine/Plugins/Interchange/Runtime/Content/Functions/MX_OrenNayarBSDF.uasset" 99
"../../../Engine/Plugins/Interchange/Runtime/Content/Functions/MX_OrenNayarBSDF.uexp" 100
"../../../Engine/Content/Functions/Engine_MaterialFunctions02/Utility/CameraDirectionVector.uasset" 101
"../../../Engine/Content/Functions/Engine_MaterialFunctions02/Utility/CameraDirectionVector.uexp" 102
"../../../Engine/Content/Functions/Engine_MaterialFunctions01/Volumetrics/BeersLaw.uasset" 103
"../../../Engine/Content/Functions/Engine_MaterialFunctions01/Volumetrics/BeersLaw.uexp" 104
"../../../Engine/Content/EngineMaterials/Good64x64TilingNoiseHighFreq.uasset" 105
"../../../Engine/Content/EngineMaterials/Good64x64TilingNoiseHighFreq.uexp" 106
"../../../Engine/Content/Functions/Engine_MaterialFunctions02/Texturing/ScreenAlignedPixelToPixelUVs.uasset" 107
"../../../Engine/Content/Functions/Engine_MaterialFunctions02/Texturing/ScreenAlignedPixelToPixelUVs.uexp" 108
"../../../Engine/Plugins/Interchange/Runtime/Content/gltf/MaterialFunctions/MF_Temporal_Blur.uasset" 109
"../../../Engine/Plugins/Interchange/Runtime/Content/gltf/MaterialFunctions/MF_Temporal_Blur.uexp" 110
"../../../Engine/Plugins/Interchange/Runtime/Content/gltf/MaterialFunctions/MF_Fresnel_DS.uasset" 111
"../../../Engine/Plugins/Interchange/Runtime/Content/gltf/MaterialFunctions/MF_Fresnel_DS.uexp" 112
"../../../Engine/Content/Functions/Engine_MaterialFunctions02/Utility/BreakOutFloat3Components.uasset" 113
"../../../Engine/Content/Functions/Engine_MaterialFunctions02/Utility/BreakOutFloat3Components.uexp" 114
"../../../Engine/Plugins/Interchange/Runtime/Content/Functions/MX_Transmission.uasset" 115
"../../../Engine/Plugins/Interchange/Runtime/Content/Functions/MX_Transmission.uexp" 116
"../../../Engine/Plugins/Interchange/Runtime/Content/Functions/MF_OrenNayerView.uasset" 117
"../../../Engine/Plugins/Interchange/Runtime/Content/Functions/MF_OrenNayerView.uexp" 118
"../../../Engine/Plugins/Interchange/Runtime/Content/Functions/MF_SchlickApprox.uasset" 119
"../../../Engine/Plugins/Interchange/Runtime/Content/Functions/MF_SchlickApprox.uexp" 120
"../../../Engine/Plugins/Interchange/Runtime/Content/Utilities/New_LUT.uasset" 121
"../../../Engine/Plugins/Interchange/Runtime/Content/Utilities/New_LUT.uexp" 122
"../../../Engine/Content/Functions/Engine_MaterialFunctions03/Math/RemapValueRange.uasset" 123
"../../../Engine/Content/Functions/Engine_MaterialFunctions03/Math/RemapValueRange.uexp" 124
"../../../Engine/Plugins/Interchange/Runtime/Content/Functions/MF_Iridescence.uasset" 125
"../../../Engine/Plugins/Interchange/Runtime/Content/Functions/MF_Iridescence.uexp" 126
"../../../Engine/Plugins/Interchange/Runtime/Content/Functions/MX_StandardSurface.uasset" 127
"../../../Engine/Plugins/Interchange/Runtime/Content/Functions/MX_StandardSurface.uexp" 128
"../../../Engine/Plugins/Interchange/Runtime/Content/Functions/MX_TransmissionSurface.uasset" 129
"../../../Engine/Plugins/Interchange/Runtime/Content/Functions/MX_TransmissionSurface.uexp" 130
"../../../Engine/Plugins/Interchange/Runtime/Content/Functions/MX_OpenPBR_Translucent.uasset" 131
"../../../Engine/Plugins/Interchange/Runtime/Content/Functions/MX_OpenPBR_Translucent.uexp" 132
"../../../Engine/Plugins/Interchange/Runtime/Content/Functions/MX_OpenPBR_Opaque.uasset" 133
"../../../Engine/Plugins/Interchange/Runtime/Content/Functions/MX_OpenPBR_Opaque.uexp" 134
"../../../Engine/Plugins/Interchange/Runtime/Content/Functions/MX_MeasuredEDF.uasset" 135
"../../../Engine/Plugins/Interchange/Runtime/Content/Functions/MX_MeasuredEDF.uexp" 136
"../../../Engine/Plugins/Interchange/Runtime/Content/Functions/MX_GeneralizedSchlickBSDF.uasset" 137
"../../../Engine/Plugins/Interchange/Runtime/Content/Functions/MX_GeneralizedSchlickBSDF.uexp" 138
"../../../Engine/Plugins/Interchange/Runtime/Content/Functions/MX_DielectricBSDF.uasset" 139
"../../../Engine/Plugins/Interchange/Runtime/Content/Functions/MX_DielectricBSDF.uexp" 140
"../../../Engine/Plugins/Interchange/Runtime/Content/Functions/MX_ConicalEDF.uasset" 141
"../../../Engine/Plugins/Interchange/Runtime/Content/Functions/MX_ConicalEDF.uexp" 142
"../../../Engine/Plugins/Interchange/Runtime/Content/Functions/MX_ConductorBSDF.uasset" 143
"../../../Engine/Plugins/Interchange/Runtime/Content/Functions/MX_ConductorBSDF.uexp" 144
"../../../Engine/Plugins/Interchange/Runtime/Content/Functions/MX_BurleyDiffuseBSDF.uasset" 145
"../../../Engine/Plugins/Interchange/Runtime/Content/Functions/MX_BurleyDiffuseBSDF.uexp" 146
"../../../Engine/Plugins/Interchange/Runtime/Content/Functions/MX_AnisotropicVDF.uasset" 147
"../../../Engine/Plugins/Interchange/Runtime/Content/Functions/MX_AnisotropicVDF.uexp" 148
"../../../Engine/Plugins/Interchange/Runtime/Content/Functions/MX_AbsorptionVDF.uasset" 149
"../../../Engine/Plugins/Interchange/Runtime/Content/Functions/MX_AbsorptionVDF.uexp" 150
"../../../Engine/Plugins/Editor/SpeedTreeImporter/Content/SpeedTree9/game_wind_noise.ubulk" 151
"../../../Engine/Plugins/Editor/SpeedTreeImporter/Content/SpeedTree9/game_wind_noise.uasset" 152
"../../../Engine/Plugins/Editor/SpeedTreeImporter/Content/SpeedTree9/game_wind_noise.uexp" 153
"../../../Engine/Plugins/Editor/SpeedTreeImporter/Content/SpeedTree9/UnpackDirection.uasset" 154
"../../../Engine/Plugins/Editor/SpeedTreeImporter/Content/SpeedTree9/UnpackDirection.uexp" 155
"../../../Engine/Content/Functions/Engine_MaterialFunctions02/ObjectLocalBounds.uasset" 156
"../../../Engine/Content/Functions/Engine_MaterialFunctions02/ObjectLocalBounds.uexp" 157
"../../../Engine/Content/Functions/Engine_MaterialFunctions02/UVs/BoundingBoxBased_0-1_UVW.uasset" 158
"../../../Engine/Content/Functions/Engine_MaterialFunctions02/UVs/BoundingBoxBased_0-1_UVW.uexp" 159
"../../../Engine/Content/Functions/Engine_MaterialFunctions02/Utility/VectorLength.uasset" 160
"../../../Engine/Content/Functions/Engine_MaterialFunctions02/Utility/VectorLength.uexp" 161
"../../../Engine/Plugins/Editor/SpeedTreeImporter/Content/SpeedTree9/UnpackInteger3.uasset" 162
"../../../Engine/Plugins/Editor/SpeedTreeImporter/Content/SpeedTree9/UnpackInteger3.uexp" 163
"../../../Engine/Plugins/Editor/SpeedTreeImporter/Content/SpeedTree9/SpeedTreeCameraFacing.uasset" 164
"../../../Engine/Plugins/Editor/SpeedTreeImporter/Content/SpeedTree9/SpeedTreeCameraFacing.uexp" 165
"../../../Engine/Content/Functions/Engine_MaterialFunctions02/WorldPositionOffset/ObjectScale.uasset" 166
"../../../Engine/Content/Functions/Engine_MaterialFunctions02/WorldPositionOffset/ObjectScale.uexp" 167
"../../../Engine/Content/Functions/Engine_MaterialFunctions02/SafeNormalize.uasset" 168
"../../../Engine/Content/Functions/Engine_MaterialFunctions02/SafeNormalize.uexp" 169
"../../../Engine/Plugins/Editor/SpeedTreeImporter/Content/SpeedTree9/SpeedTreeWindMotion.uasset" 170
"../../../Engine/Plugins/Editor/SpeedTreeImporter/Content/SpeedTree9/SpeedTreeWindMotion.uexp" 171
"../../../Engine/Plugins/Editor/SpeedTreeImporter/Content/SpeedTree9/SpeedTreeBranchMotion.uasset" 172
"../../../Engine/Plugins/Editor/SpeedTreeImporter/Content/SpeedTree9/SpeedTreeBranchMotion.uexp" 173
"../../../Engine/Plugins/Editor/SpeedTreeImporter/Content/SpeedTree9/SpeedTreeWind.uasset" 174
"../../../Engine/Plugins/Editor/SpeedTreeImporter/Content/SpeedTree9/SpeedTreeWind.uexp" 175
"../../../Engine/Plugins/Editor/SpeedTreeImporter/Content/SpeedTree9/EmptyNormal.uasset" 176
"../../../Engine/Plugins/Editor/SpeedTreeImporter/Content/SpeedTree9/EmptyNormal.uexp" 177
"../../../Engine/Plugins/Editor/SpeedTreeImporter/Content/SpeedTree9/Empty.uasset" 178
"../../../Engine/Plugins/Editor/SpeedTreeImporter/Content/SpeedTree9/Empty.uexp" 179
"../../../Engine/Plugins/Editor/SpeedTreeImporter/Content/SpeedTree9/SpeedTreeMaster.uasset" 180
"../../../Engine/Plugins/Editor/SpeedTreeImporter/Content/SpeedTree9/SpeedTreeMaster.uexp" 181
"../../../Engine/Plugins/Editor/SpeedTreeImporter/Content/SpeedTree9/SpeedTreeBillboard.uasset" 182
"../../../Engine/Plugins/Editor/SpeedTreeImporter/Content/SpeedTree9/SpeedTreeBillboard.uexp" 183
"../../../Engine/Plugins/Editor/SpeedTreeImporter/Content/SpeedTree9/SpeedTreeBillboardMaster.uasset" 184
"../../../Engine/Plugins/Editor/SpeedTreeImporter/Content/SpeedTree9/SpeedTreeBillboardMaster.uexp" 185
"../../../Engine/Plugins/Animation/ControlRig/Content/Controls/DefaultGizmoLibraryNormalized.uasset" 186
"../../../Engine/Plugins/Animation/ControlRig/Content/Controls/DefaultGizmoLibraryNormalized.uexp" 187
"../../../Engine/Plugins/Animation/ControlRig/Content/Controls/ControlRig_Wedge_solid.uasset" 188
"../../../Engine/Plugins/Animation/ControlRig/Content/Controls/ControlRig_Wedge_solid.uexp" 189
"../../../Engine/Plugins/Animation/ControlRig/Content/Controls/ControlRig_Wedge_3mm.uasset" 190
"../../../Engine/Plugins/Animation/ControlRig/Content/Controls/ControlRig_Wedge_3mm.uexp" 191
"../../../Engine/Plugins/Animation/ControlRig/Content/Controls/ControlRig_Wedge_1mm.uasset" 192
"../../../Engine/Plugins/Animation/ControlRig/Content/Controls/ControlRig_Wedge_1mm.uexp" 193
"../../../Engine/Plugins/Animation/ControlRig/Content/Controls/ControlRig_Triangle_solid.uasset" 194
"../../../Engine/Plugins/Animation/ControlRig/Content/Controls/ControlRig_Triangle_solid.uexp" 195
"../../../Engine/Plugins/Animation/ControlRig/Content/Controls/ControlRig_Triangle_3mm.uasset" 196
"../../../Engine/Plugins/Animation/ControlRig/Content/Controls/ControlRig_Triangle_3mm.uexp" 197
"../../../Engine/Plugins/Animation/ControlRig/Content/Controls/ControlRig_Triangle_1mm.uasset" 198
"../../../Engine/Plugins/Animation/ControlRig/Content/Controls/ControlRig_Triangle_1mm.uexp" 199
"../../../Engine/Plugins/Animation/ControlRig/Content/Controls/ControlRig_Star4_solid.uasset" 200
"../../../Engine/Plugins/Animation/ControlRig/Content/Controls/ControlRig_Star4_solid.uexp" 201
"../../../Engine/Plugins/Animation/ControlRig/Content/Controls/ControlRig_Star4_3mm.uasset" 202
"../../../Engine/Plugins/Animation/ControlRig/Content/Controls/ControlRig_Star4_3mm.uexp" 203
"../../../Engine/Plugins/Animation/ControlRig/Content/Controls/ControlRig_Star4_1mm.uasset" 204
"../../../Engine/Plugins/Animation/ControlRig/Content/Controls/ControlRig_Star4_1mm.uexp" 205
"../../../Engine/Plugins/Animation/ControlRig/Content/Controls/ControlRig_Square_solid.uasset" 206
"../../../Engine/Plugins/Animation/ControlRig/Content/Controls/ControlRig_Square_solid.uexp" 207
"../../../Engine/Plugins/Animation/ControlRig/Content/Controls/ControlRig_Square_3mm.uasset" 208
"../../../Engine/Plugins/Animation/ControlRig/Content/Controls/ControlRig_Square_3mm.uexp" 209
"../../../Engine/Plugins/Animation/ControlRig/Content/Controls/ControlRig_Square_1mm.uasset" 210
"../../../Engine/Plugins/Animation/ControlRig/Content/Controls/ControlRig_Square_1mm.uexp" 211
"../../../Engine/Plugins/Animation/ControlRig/Content/Controls/ControlRig_Sphere_solid.uasset" 212
"../../../Engine/Plugins/Animation/ControlRig/Content/Controls/ControlRig_Sphere_solid.uexp" 213
"../../../Engine/Plugins/Animation/ControlRig/Content/Controls/ControlRig_Sphere_3mm.uasset" 214
"../../../Engine/Plugins/Animation/ControlRig/Content/Controls/ControlRig_Sphere_3mm.uexp" 215
"../../../Engine/Plugins/Animation/ControlRig/Content/Controls/ControlRig_Sphere_1mm.uasset" 216
"../../../Engine/Plugins/Animation/ControlRig/Content/Controls/ControlRig_Sphere_1mm.uexp" 217
"../../../Engine/Plugins/Animation/ControlRig/Content/Controls/ControlRig_RoundedTriangle_solid.uasset" 218
"../../../Engine/Plugins/Animation/ControlRig/Content/Controls/ControlRig_RoundedTriangle_solid.uexp" 219
"../../../Engine/Plugins/Animation/ControlRig/Content/Controls/ControlRig_RoundedTriangle_3mm.uasset" 220
"../../../Engine/Plugins/Animation/ControlRig/Content/Controls/ControlRig_RoundedTriangle_3mm.uexp" 221
"../../../Engine/Plugins/Animation/ControlRig/Content/Controls/ControlRig_RoundedTriangle_1mm.uasset" 222
"../../../Engine/Plugins/Animation/ControlRig/Content/Controls/ControlRig_RoundedTriangle_1mm.uexp" 223
"../../../Engine/Plugins/Animation/ControlRig/Content/Controls/ControlRig_RoundedSquare_solid.uasset" 224
"../../../Engine/Plugins/Animation/ControlRig/Content/Controls/ControlRig_RoundedSquare_solid.uexp" 225
"../../../Engine/Plugins/Animation/ControlRig/Content/Controls/ControlRig_RoundedSquare_3mm.uasset" 226
"../../../Engine/Plugins/Animation/ControlRig/Content/Controls/ControlRig_RoundedSquare_3mm.uexp" 227
"../../../Engine/Plugins/Animation/ControlRig/Content/Controls/ControlRig_RoundedSquare_1mm.uasset" 228
"../../../Engine/Plugins/Animation/ControlRig/Content/Controls/ControlRig_RoundedSquare_1mm.uexp" 229
"../../../Engine/Plugins/Animation/ControlRig/Content/Controls/ControlRig_QuarterCircle_solid.uasset" 230
"../../../Engine/Plugins/Animation/ControlRig/Content/Controls/ControlRig_QuarterCircle_solid.uexp" 231
"../../../Engine/Plugins/Animation/ControlRig/Content/Controls/ControlRig_QuarterCircle_3mm.uasset" 232
"../../../Engine/Plugins/Animation/ControlRig/Content/Controls/ControlRig_QuarterCircle_3mm.uexp" 233
"../../../Engine/Plugins/Animation/ControlRig/Content/Controls/ControlRig_QuarterCircle_1mm.uasset" 234
"../../../Engine/Plugins/Animation/ControlRig/Content/Controls/ControlRig_QuarterCircle_1mm.uexp" 235
"../../../Engine/Plugins/Animation/ControlRig/Content/Controls/ControlRig_Pyramid_solid.uasset" 236
"../../../Engine/Plugins/Animation/ControlRig/Content/Controls/ControlRig_Pyramid_solid.uexp" 237
"../../../Engine/Plugins/Animation/ControlRig/Content/Controls/ControlRig_Pyramid_3mm.uasset" 238
"../../../Engine/Plugins/Animation/ControlRig/Content/Controls/ControlRig_Pyramid_3mm.uexp" 239
"../../../Engine/Plugins/Animation/ControlRig/Content/Controls/ControlRig_Pyramid_1mm.uasset" 240
"../../../Engine/Plugins/Animation/ControlRig/Content/Controls/ControlRig_Pyramid_1mm.uexp" 241
"../../../Engine/Plugins/Animation/ControlRig/Content/Controls/ControlRig_Octagon_solid.uasset" 242
"../../../Engine/Plugins/Animation/ControlRig/Content/Controls/ControlRig_Octagon_solid.uexp" 243
"../../../Engine/Plugins/Animation/ControlRig/Content/Controls/ControlRig_Octagon_3mm.uasset" 244
"../../../Engine/Plugins/Animation/ControlRig/Content/Controls/ControlRig_Octagon_3mm.uexp" 245
"../../../Engine/Plugins/Animation/ControlRig/Content/Controls/ControlRig_Octagon_1mm.uasset" 246
"../../../Engine/Plugins/Animation/ControlRig/Content/Controls/ControlRig_Octagon_1mm.uexp" 247
"../../../Engine/Plugins/Animation/ControlRig/Content/Controls/ControlRig_Hexagon_solid.uasset" 248
"../../../Engine/Plugins/Animation/ControlRig/Content/Controls/ControlRig_Hexagon_solid.uexp" 249
"../../../Engine/Plugins/Animation/ControlRig/Content/Controls/ControlRig_Hexagon_3mm.uasset" 250
"../../../Engine/Plugins/Animation/ControlRig/Content/Controls/ControlRig_Hexagon_3mm.uexp" 251
"../../../Engine/Plugins/Animation/ControlRig/Content/Controls/ControlRig_Hexagon_1mm.uasset" 252
"../../../Engine/Plugins/Animation/ControlRig/Content/Controls/ControlRig_Hexagon_1mm.uexp" 253
"../../../Engine/Plugins/Animation/ControlRig/Content/Controls/ControlRig_HalfCircle_solid.uasset" 254
"../../../Engine/Plugins/Animation/ControlRig/Content/Controls/ControlRig_HalfCircle_solid.uexp" 255
"../../../Engine/Plugins/Animation/ControlRig/Content/Controls/ControlRig_HalfCircle_3mm.uasset" 256
"../../../Engine/Plugins/Animation/ControlRig/Content/Controls/ControlRig_HalfCircle_3mm.uexp" 257
"../../../Engine/Plugins/Animation/ControlRig/Content/Controls/ControlRig_HalfCircle_1mm.uasset" 258
"../../../Engine/Plugins/Animation/ControlRig/Content/Controls/ControlRig_HalfCircle_1mm.uexp" 259
"../../../Engine/Plugins/Animation/ControlRig/Content/Controls/ControlRig_Diamond_solid.uasset" 260
"../../../Engine/Plugins/Animation/ControlRig/Content/Controls/ControlRig_Diamond_solid.uexp" 261
"../../../Engine/Plugins/Animation/ControlRig/Content/Controls/ControlRig_Diamond_3mm.uasset" 262
"../../../Engine/Plugins/Animation/ControlRig/Content/Controls/ControlRig_Diamond_3mm.uexp" 263
"../../../Engine/Plugins/Animation/ControlRig/Content/Controls/ControlRig_Diamond_1mm.uasset" 264
"../../../Engine/Plugins/Animation/ControlRig/Content/Controls/ControlRig_Diamond_1mm.uexp" 265
"../../../Engine/Plugins/Animation/ControlRig/Content/Controls/ControlRig_Circle_solid.uasset" 266
"../../../Engine/Plugins/Animation/ControlRig/Content/Controls/ControlRig_Circle_solid.uexp" 267
"../../../Engine/Plugins/Animation/ControlRig/Content/Controls/ControlRig_Circle_3mm.uasset" 268
"../../../Engine/Plugins/Animation/ControlRig/Content/Controls/ControlRig_Circle_3mm.uexp" 269
"../../../Engine/Plugins/Animation/ControlRig/Content/Controls/ControlRig_Circle_1mm.uasset" 270
"../../../Engine/Plugins/Animation/ControlRig/Content/Controls/ControlRig_Circle_1mm.uexp" 271
"../../../Engine/Plugins/Animation/ControlRig/Content/Controls/ControlRig_Box_solid.uasset" 272
"../../../Engine/Plugins/Animation/ControlRig/Content/Controls/ControlRig_Box_solid.uexp" 273
"../../../Engine/Plugins/Animation/ControlRig/Content/Controls/ControlRig_Box_3mm.uasset" 274
"../../../Engine/Plugins/Animation/ControlRig/Content/Controls/ControlRig_Box_3mm.uexp" 275
"../../../Engine/Plugins/Animation/ControlRig/Content/Controls/ControlRig_Box_1mm.uasset" 276
"../../../Engine/Plugins/Animation/ControlRig/Content/Controls/ControlRig_Box_1mm.uexp" 277
"../../../Engine/Plugins/Animation/ControlRig/Content/Controls/ControlRig_Arrow_solid.uasset" 278
"../../../Engine/Plugins/Animation/ControlRig/Content/Controls/ControlRig_Arrow_solid.uexp" 279
"../../../Engine/Plugins/Animation/ControlRig/Content/Controls/ControlRig_Arrow_3mm.uasset" 280
"../../../Engine/Plugins/Animation/ControlRig/Content/Controls/ControlRig_Arrow_3mm.uexp" 281
"../../../Engine/Plugins/Animation/ControlRig/Content/Controls/ControlRig_Arrow_1mm.uasset" 282
"../../../Engine/Plugins/Animation/ControlRig/Content/Controls/ControlRig_Arrow_1mm.uexp" 283
"../../../Engine/Plugins/Animation/ControlRig/Content/Controls/ControlRig_Arrow4_solid.uasset" 284
"../../../Engine/Plugins/Animation/ControlRig/Content/Controls/ControlRig_Arrow4_solid.uexp" 285
"../../../Engine/Plugins/Animation/ControlRig/Content/Controls/ControlRig_Arrow4_3mm.uasset" 286
"../../../Engine/Plugins/Animation/ControlRig/Content/Controls/ControlRig_Arrow4_3mm.uexp" 287
"../../../Engine/Plugins/Animation/ControlRig/Content/Controls/ControlRig_Arrow4_1mm.uasset" 288
"../../../Engine/Plugins/Animation/ControlRig/Content/Controls/ControlRig_Arrow4_1mm.uexp" 289
"../../../Engine/Plugins/Animation/ControlRig/Content/Controls/ControlRig_Arrow2_solid.uasset" 290
"../../../Engine/Plugins/Animation/ControlRig/Content/Controls/ControlRig_Arrow2_solid.uexp" 291
"../../../Engine/Plugins/Animation/ControlRig/Content/Controls/ControlRig_Arrow2_3mm.uasset" 292
"../../../Engine/Plugins/Animation/ControlRig/Content/Controls/ControlRig_Arrow2_3mm.uexp" 293
"../../../Engine/Plugins/Animation/ControlRig/Content/Controls/ControlRig_Arrow2_1mm.uasset" 294
"../../../Engine/Plugins/Animation/ControlRig/Content/Controls/ControlRig_Arrow2_1mm.uexp" 295
"../../../Engine/Plugins/Animation/ControlRig/Content/Controls/ControlRigXRayMaterial.uasset" 296
"../../../Engine/Plugins/Animation/ControlRig/Content/Controls/ControlRigXRayMaterial.uexp" 297
"../../../Engine/Plugins/Animation/ControlRig/Content/Controls/ControlRigGizmoMaterial.uasset" 298
"../../../Engine/Plugins/Animation/ControlRig/Content/Controls/ControlRigGizmoMaterial.uexp" 299
"../../../Engine/Content/Functions/Engine_MaterialFunctions02/Math/Transform3x3Matrix.uasset" 300
"../../../Engine/Content/Functions/Engine_MaterialFunctions02/Math/Transform3x3Matrix.uexp" 301
"../../../Engine/Content/Functions/Engine_MaterialFunctions02/SplitComponents.uasset" 302
"../../../Engine/Content/Functions/Engine_MaterialFunctions02/SplitComponents.uexp" 303
"../../../Engine/Content/Functions/Engine_MaterialFunctions02/Utility/MakeFloat3.uasset" 304
"../../../Engine/Content/Functions/Engine_MaterialFunctions02/Utility/MakeFloat3.uexp" 305
"../../../Engine/Content/EngineSounds/Master.uasset" 306
"../../../Engine/Content/EngineSounds/Master.uexp" 307
"../../../Engine/Content/EngineResources/WhiteSquareTexture.uasset" 308
"../../../Engine/Content/EngineResources/WhiteSquareTexture.uexp" 309
"../../../Engine/Content/EngineMaterials/Widget3DPassThrough.uasset" 310
"../../../Engine/Content/EngineMaterials/Widget3DPassThrough.uexp" 311
"../../../Engine/Content/EngineMaterials/Widget3DPassThrough_Translucent.uasset" 312
"../../../Engine/Content/EngineMaterials/Widget3DPassThrough_Translucent.uexp" 313
"../../../Engine/Content/EngineMaterials/Widget3DPassThrough_Translucent_OneSided.uasset" 314
"../../../Engine/Content/EngineMaterials/Widget3DPassThrough_Translucent_OneSided.uexp" 315
"../../../Engine/Content/EngineMaterials/Widget3DPassThrough_Opaque.uasset" 316
"../../../Engine/Content/EngineMaterials/Widget3DPassThrough_Opaque.uexp" 317
"../../../Engine/Content/EngineMaterials/Widget3DPassThrough_Opaque_OneSided.uasset" 318
"../../../Engine/Content/EngineMaterials/Widget3DPassThrough_Opaque_OneSided.uexp" 319
"../../../Engine/Content/EngineMaterials/Widget3DPassThrough_Masked_OneSided.uasset" 320
"../../../Engine/Content/EngineMaterials/Widget3DPassThrough_Masked_OneSided.uexp" 321
"../../../Engine/Content/EngineMaterials/Widget3DPassThrough_Masked.uasset" 322
"../../../Engine/Content/EngineMaterials/Widget3DPassThrough_Masked.uexp" 323
"../../../Engine/Content/EngineMaterials/STBlueNoise_vec2_128x128x64.uasset" 324
"../../../Engine/Content/EngineMaterials/STBlueNoise_vec2_128x128x64.uexp" 325
"../../../Engine/Content/EngineMaterials/STBlueNoise_scalar_128x128x64.uasset" 326
"../../../Engine/Content/EngineMaterials/STBlueNoise_scalar_128x128x64.uexp" 327
"../../../Engine/Content/EngineMaterials/RemoveSurfaceMaterial.uasset" 328
"../../../Engine/Content/EngineMaterials/RemoveSurfaceMaterial.uexp" 329
"../../../Engine/Content/EngineMaterials/DefaultCalibrationGrayscale.uasset" 330
"../../../Engine/Content/EngineMaterials/DefaultCalibrationGrayscale.uexp" 331
"../../../Engine/Content/EngineMaterials/PPM_DefaultCalibrationGrayscale.uasset" 332
"../../../Engine/Content/EngineMaterials/PPM_DefaultCalibrationGrayscale.uexp" 333
"../../../Engine/Content/EngineMaterials/DefaultCalibrationColor.uasset" 334
"../../../Engine/Content/EngineMaterials/DefaultCalibrationColor.uexp" 335
"../../../Engine/Content/EngineMaterials/PPM_DefaultCalibrationColor.uasset" 336
"../../../Engine/Content/EngineMaterials/PPM_DefaultCalibrationColor.uexp" 337
"../../../Engine/Content/EngineMaterials/PhAT_JointLimitMaterial.uasset" 338
"../../../Engine/Content/EngineMaterials/PhAT_JointLimitMaterial.uexp" 339
"../../../Engine/Content/EngineMaterials/NaniteHiddenSectionMaterial.uasset" 340
"../../../Engine/Content/EngineMaterials/NaniteHiddenSectionMaterial.uexp" 341
"../../../Engine/Content/EngineMaterials/InvalidLightmapSettings.ubulk" 342
"../../../Engine/Content/EngineMaterials/InvalidLightmapSettings.uasset" 343
"../../../Engine/Content/EngineMaterials/InvalidLightmapSettings.uexp" 344
"../../../Engine/Content/EngineMaterials/M_InvalidLightmapSettings.uasset" 345
"../../../Engine/Content/EngineMaterials/M_InvalidLightmapSettings.uexp" 346
"../../../Engine/Content/EngineMaterials/GizmoMaterial.uasset" 347
"../../../Engine/Content/EngineMaterials/GizmoMaterial.uexp" 348
"../../../Engine/Content/EngineMaterials/BaseFlattenEmissiveMap_VT.uasset" 349
"../../../Engine/Content/EngineMaterials/BaseFlattenEmissiveMap_VT.uexp" 350
"../../../Engine/Content/EngineMaterials/BaseFlattenGrayscaleMap_VT.uasset" 351
"../../../Engine/Content/EngineMaterials/BaseFlattenGrayscaleMap_VT.uexp" 352
"../../../Engine/Content/EngineMaterials/BaseFlattenLinearColor_VT.uasset" 353
"../../../Engine/Content/EngineMaterials/BaseFlattenLinearColor_VT.uexp" 354
"../../../Engine/Content/EngineMaterials/Black_1x1_EXR_Texture_VT.uasset" 355
"../../../Engine/Content/EngineMaterials/Black_1x1_EXR_Texture_VT.uexp" 356
"../../../Engine/Content/EngineMaterials/BaseFlattenDiffuseMap_VT.uasset" 357
"../../../Engine/Content/EngineMaterials/BaseFlattenDiffuseMap_VT.uexp" 358
"../../../Engine/Content/EngineMaterials/BaseFlattenNormalMap_VT.uasset" 359
"../../../Engine/Content/EngineMaterials/BaseFlattenNormalMap_VT.uexp" 360
"../../../Engine/Content/EngineMaterials/FlattenMaterial_WS_Normal_VT.uasset" 361
"../../../Engine/Content/EngineMaterials/FlattenMaterial_WS_Normal_VT.uexp" 362
"../../../Engine/Content/EngineMaterials/FlattenMaterial_VT.uasset" 363
"../../../Engine/Content/EngineMaterials/FlattenMaterial_VT.uexp" 364
"../../../Engine/Content/EngineMaterials/BaseFlattenNormalMap.uasset" 365
"../../../Engine/Content/EngineMaterials/BaseFlattenNormalMap.uexp" 366
"../../../Engine/Content/EngineMaterials/BaseFlattenGrayscaleMap.uasset" 367
"../../../Engine/Content/EngineMaterials/BaseFlattenGrayscaleMap.uexp" 368
"../../../Engine/Content/EngineMaterials/BaseFlattenDiffuseMap.uasset" 369
"../../../Engine/Content/EngineMaterials/BaseFlattenDiffuseMap.uexp" 370
"../../../Engine/Content/Functions/Engine_MaterialFunctions02/PivotPainter2/Black_1x1_EXR_Texture.uasset" 371
"../../../Engine/Content/Functions/Engine_MaterialFunctions02/PivotPainter2/Black_1x1_EXR_Texture.uexp" 372
"../../../Engine/Content/EngineMaterials/BaseFlattenEmissiveMap.uasset" 373
"../../../Engine/Content/EngineMaterials/BaseFlattenEmissiveMap.uexp" 374
"../../../Engine/Content/EngineMaterials/BaseFlattenLinearColor.uasset" 375
"../../../Engine/Content/EngineMaterials/BaseFlattenLinearColor.uexp" 376
"../../../Engine/Content/EngineMaterials/FlattenMaterial.uasset" 377
"../../../Engine/Content/EngineMaterials/FlattenMaterial.uexp" 378
"../../../Engine/Content/EngineMaterials/DefaultWhiteGrid_Low.uasset" 379
"../../../Engine/Content/EngineMaterials/DefaultWhiteGrid_Low.uexp" 380
"../../../Engine/Content/EngineMaterials/EmissiveMeshMaterial.uasset" 381
"../../../Engine/Content/EngineMaterials/EmissiveMeshMaterial.uexp" 382
"../../../Engine/Content/EngineFonts/RobotoDistanceField.uasset" 383
"../../../Engine/Content/EngineFonts/RobotoDistanceField.uexp" 384
"../../../Engine/Content/EngineMaterials/DefaultTextMaterialOpaque.uasset" 385
"../../../Engine/Content/EngineMaterials/DefaultTextMaterialOpaque.uexp" 386
"../../../Engine/Content/EngineMaterials/DefaultDiffuse.ubulk" 387
"../../../Engine/Content/EngineMaterials/DefaultDiffuse.uasset" 388
"../../../Engine/Content/EngineMaterials/DefaultDiffuse.uexp" 389
"../../../Engine/Content/Functions/Engine_MaterialFunctions02/Utility/BreakOutFloat2Components.uasset" 390
"../../../Engine/Content/Functions/Engine_MaterialFunctions02/Utility/BreakOutFloat2Components.uexp" 391
"../../../Engine/Content/EngineMaterials/DefaultPostProcessMaterial.uasset" 392
"../../../Engine/Content/EngineMaterials/DefaultPostProcessMaterial.uexp" 393
"../../../Engine/Content/EngineMaterials/DefaultPhysicalMaterial.uasset" 394
"../../../Engine/Content/EngineMaterials/DefaultPhysicalMaterial.uexp" 395
"../../../Engine/Content/EngineMaterials/DefaultLightFunctionMaterial.uasset" 396
"../../../Engine/Content/EngineMaterials/DefaultLightFunctionMaterial.uexp" 397
"../../../Engine/Content/EngineMaterials/DefaultDestructiblePhysicalMaterial.uasset" 398
"../../../Engine/Content/EngineMaterials/DefaultDestructiblePhysicalMaterial.uexp" 399
"../../../Engine/Content/EngineMaterials/DefaultDeferredDecalMaterial.uasset" 400
"../../../Engine/Content/EngineMaterials/DefaultDeferredDecalMaterial.uexp" 401
"../../../Engine/Content/EngineMaterials/DefaultBloomKernel.uasset" 402
"../../../Engine/Content/EngineMaterials/DefaultBloomKernel.uexp" 403
"../../../Engine/Content/EngineFonts/Faces/RobotoLight.uexp" 404
"../../../Engine/Content/EngineFonts/Faces/RobotoLight.uasset" 405
"../../../Engine/Content/EngineFonts/Faces/RobotoLight.ufont" 406
"../../../Engine/Content/EngineFonts/Faces/RobotoBold.uexp" 407
"../../../Engine/Content/EngineFonts/Faces/RobotoBold.uasset" 408
"../../../Engine/Content/EngineFonts/Faces/RobotoBold.ufont" 409
"../../../Engine/Content/EngineFonts/Faces/RobotoRegular.uexp" 410
"../../../Engine/Content/EngineFonts/Faces/RobotoRegular.uasset" 411
"../../../Engine/Content/EngineFonts/Faces/RobotoRegular.ufont" 412
"../../../Engine/Content/EngineFonts/Faces/DroidSansFallback.uexp" 413
"../../../Engine/Content/EngineFonts/Faces/DroidSansFallback.uasset" 414
"../../../Engine/Content/EngineFonts/Faces/DroidSansFallback.ufont" 415
"../../../Engine/Content/EngineFonts/Faces/RobotoItalic.uexp" 416
"../../../Engine/Content/EngineFonts/Faces/RobotoItalic.uasset" 417
"../../../Engine/Content/EngineFonts/Faces/RobotoItalic.ufont" 418
"../../../Engine/Content/EngineFonts/Faces/RobotoBoldItalic.uexp" 419
"../../../Engine/Content/EngineFonts/Faces/RobotoBoldItalic.uasset" 420
"../../../Engine/Content/EngineFonts/Faces/RobotoBoldItalic.ufont" 421
"../../../Engine/Content/EngineFonts/Roboto.uasset" 422
"../../../Engine/Content/EngineFonts/Roboto.uexp" 423
"../../../Engine/Content/EngineDebugMaterials/VolumeToRender.uasset" 424
"../../../Engine/Content/EngineDebugMaterials/VolumeToRender.uexp" 425
"../../../Engine/Content/EngineDebugMaterials/M_VolumeRenderSphereTracePP.uasset" 426
"../../../Engine/Content/EngineDebugMaterials/M_VolumeRenderSphereTracePP.uexp" 427
"../../../Engine/Content/EngineDebugMaterials/M_SimpleUnlitTranslucent.uasset" 428
"../../../Engine/Content/EngineDebugMaterials/M_SimpleUnlitTranslucent.uexp" 429
"../../../Engine/Content/EngineDebugMaterials/DebugMeshMaterial.uasset" 430
"../../../Engine/Content/EngineDebugMaterials/DebugMeshMaterial.uexp" 431
"../../../Engine/Content/EngineDebugMaterials/DebugEditorMaterial.uasset" 432
"../../../Engine/Content/EngineDebugMaterials/DebugEditorMaterial.uexp" 433
"../../../Engine/Content/EngineDamageTypes/DmgTypeBP_Environmental.uasset" 434
"../../../Engine/Content/EngineDamageTypes/DmgTypeBP_Environmental.uexp" 435
"../../../Engine/Content/EngineMaterials/DefaultMaterial.uasset" 436
"../../../Engine/Content/EngineMaterials/DefaultMaterial.uexp" 437
"../../../Engine/Content/BasicShapes/Sphere.uasset" 438
"../../../Engine/Content/BasicShapes/Sphere.uexp" 439
"../../../Engine/Content/BasicShapes/Plane.uasset" 440
"../../../Engine/Content/BasicShapes/Plane.uexp" 441
"../../../Engine/Content/BasicShapes/Cylinder.uasset" 442
"../../../Engine/Content/BasicShapes/Cylinder.uexp" 443
"../../../Engine/Content/MobileResources/HUD/VirtualJoystick_Background.uasset" 444
"../../../Engine/Content/MobileResources/HUD/VirtualJoystick_Background.uexp" 445
"../../../Engine/Content/MobileResources/HUD/VirtualJoystick_Thumb.uasset" 446
"../../../Engine/Content/MobileResources/HUD/VirtualJoystick_Thumb.uexp" 447
"../../../Engine/Content/MobileResources/HUD/DefaultVirtualJoysticks.uasset" 448
"../../../Engine/Content/MobileResources/HUD/DefaultVirtualJoysticks.uexp" 449
"../../../Engine/Content/EngineSky/VolumetricClouds/CloudWeatherTexture.uasset" 450
"../../../Engine/Content/EngineSky/VolumetricClouds/CloudWeatherTexture.uexp" 451
"../../../Engine/Content/Functions/Engine_MaterialFunctions02/Utility/MakeFloat2.uasset" 452
"../../../Engine/Content/Functions/Engine_MaterialFunctions02/Utility/MakeFloat2.uexp" 453
"../../../Engine/Content/EngineSky/VolumetricClouds/CloudGradientTexture.uasset" 454
"../../../Engine/Content/EngineSky/VolumetricClouds/CloudGradientTexture.uexp" 455
"../../../Engine/Content/EngineSky/VolumetricClouds/T_NoiseShape64.ubulk" 456
"../../../Engine/Content/EngineSky/VolumetricClouds/T_NoiseShape64.uasset" 457
"../../../Engine/Content/EngineSky/VolumetricClouds/T_NoiseShape64.uexp" 458
"../../../Engine/Content/EngineSky/VolumetricClouds/T_VolumeNoiseShape64.uasset" 459
"../../../Engine/Content/EngineSky/VolumetricClouds/T_VolumeNoiseShape64.uexp" 460
"../../../Engine/Content/EngineSky/VolumetricClouds/T_NoiseErosion.ubulk" 461
"../../../Engine/Content/EngineSky/VolumetricClouds/T_NoiseErosion.uasset" 462
"../../../Engine/Content/EngineSky/VolumetricClouds/T_NoiseErosion.uexp" 463
"../../../Engine/Content/EngineSky/VolumetricClouds/T_VolumeNoiseErosion32.uasset" 464
"../../../Engine/Content/EngineSky/VolumetricClouds/T_VolumeNoiseErosion32.uexp" 465
"../../../Engine/Content/EngineSky/VolumetricClouds/m_SimpleVolumetricCloud.uasset" 466
"../../../Engine/Content/EngineSky/VolumetricClouds/m_SimpleVolumetricCloud.uexp" 467
"../../../Engine/Content/EngineSky/VolumetricClouds/m_SimpleVolumetricCloud_Inst.uasset" 468
"../../../Engine/Content/EngineSky/VolumetricClouds/m_SimpleVolumetricCloud_Inst.uexp" 469
"../../../Engine/Content/EngineResources/FilmGrains/Marcie_Grain_v3_128_M2_000.uasset" 470
"../../../Engine/Content/EngineResources/FilmGrains/Marcie_Grain_v3_128_M2_000.uexp" 471
"../../../Engine/Plugins/Interchange/Runtime/Content/gltf/MaterialFunctions/MF_RotateV2.uasset" 472
"../../../Engine/Plugins/Interchange/Runtime/Content/gltf/MaterialFunctions/MF_RotateV2.uexp" 473
"../../../Engine/Plugins/Interchange/Runtime/Content/gltf/MaterialFunctions/MF_TransformUVs.uasset" 474
"../../../Engine/Plugins/Interchange/Runtime/Content/gltf/MaterialFunctions/MF_TransformUVs.uexp" 475
"../../../Engine/Plugins/Interchange/Runtime/Content/gltf/Textures/T_White_srgb.uasset" 476
"../../../Engine/Plugins/Interchange/Runtime/Content/gltf/Textures/T_White_srgb.uexp" 477
"../../../Engine/Plugins/Interchange/Runtime/Content/gltf/MaterialFunctions/MF_BaseColor.uasset" 478
"../../../Engine/Plugins/Interchange/Runtime/Content/gltf/MaterialFunctions/MF_BaseColor.uexp" 479
"../../../Engine/Plugins/Interchange/Runtime/Content/gltf/MaterialBodies/MF_Unlit_Body.uasset" 480
"../../../Engine/Plugins/Interchange/Runtime/Content/gltf/MaterialBodies/MF_Unlit_Body.uexp" 481
"../../../Engine/Plugins/Interchange/Runtime/Content/gltf/M_Unlit.uasset" 482
"../../../Engine/Plugins/Interchange/Runtime/Content/gltf/M_Unlit.uexp" 483
"../../../Engine/Plugins/Interchange/Runtime/Content/gltf/MaterialInstances/MI_Unlit_Opaque_DS.uasset" 484
"../../../Engine/Plugins/Interchange/Runtime/Content/gltf/MaterialInstances/MI_Unlit_Opaque_DS.uexp" 485
"../../../Engine/Plugins/Interchange/Runtime/Content/gltf/MaterialInstances/MI_Unlit_Opaque.uasset" 486
"../../../Engine/Plugins/Interchange/Runtime/Content/gltf/MaterialInstances/MI_Unlit_Opaque.uexp" 487
"../../../Engine/Plugins/Interchange/Runtime/Content/gltf/MaterialInstances/MI_Unlit_Mask_DS.uasset" 488
"../../../Engine/Plugins/Interchange/Runtime/Content/gltf/MaterialInstances/MI_Unlit_Mask_DS.uexp" 489
"../../../Engine/Plugins/Interchange/Runtime/Content/gltf/MaterialInstances/MI_Unlit_Mask.uasset" 490
"../../../Engine/Plugins/Interchange/Runtime/Content/gltf/MaterialInstances/MI_Unlit_Mask.uexp" 491
"../../../Engine/Plugins/Interchange/Runtime/Content/gltf/MaterialInstances/MI_Unlit_Blend_DS.uasset" 492
"../../../Engine/Plugins/Interchange/Runtime/Content/gltf/MaterialInstances/MI_Unlit_Blend_DS.uexp" 493
"../../../Engine/Plugins/Interchange/Runtime/Content/gltf/MaterialInstances/MI_Unlit_Blend.uasset" 494
"../../../Engine/Plugins/Interchange/Runtime/Content/gltf/MaterialInstances/MI_Unlit_Blend.uexp" 495
"../../../Engine/Plugins/Interchange/Runtime/Content/gltf/MaterialFunctions/MF_Iridescence.uasset" 496
"../../../Engine/Plugins/Interchange/Runtime/Content/gltf/MaterialFunctions/MF_Iridescence.uexp" 497
"../../../Engine/Plugins/Interchange/Runtime/Content/gltf/Textures/T_White_Linear.uasset" 498
"../../../Engine/Plugins/Interchange/Runtime/Content/gltf/Textures/T_White_Linear.uexp" 499
"../../../Engine/Plugins/Interchange/Runtime/Content/gltf/MaterialFunctions/MF_MetallicRoughness.uasset" 500
"../../../Engine/Plugins/Interchange/Runtime/Content/gltf/MaterialFunctions/MF_MetallicRoughness.uexp" 501
"../../../Engine/Plugins/Interchange/Runtime/Content/gltf/MaterialFunctions/MF_Transmission.uasset" 502
"../../../Engine/Plugins/Interchange/Runtime/Content/gltf/MaterialFunctions/MF_Transmission.uexp" 503
"../../../Engine/Plugins/Interchange/Runtime/Content/gltf/MaterialFunctions/MF_Occlusion.uasset" 504
"../../../Engine/Plugins/Interchange/Runtime/Content/gltf/MaterialFunctions/MF_Occlusion.uexp" 505
"../../../Engine/Plugins/Interchange/Runtime/Content/gltf/MaterialFunctions/MF_Specular.uasset" 506
"../../../Engine/Plugins/Interchange/Runtime/Content/gltf/MaterialFunctions/MF_Specular.uexp" 507
"../../../Engine/Plugins/Interchange/Runtime/Content/gltf/MaterialFunctions/MF_IOR.uasset" 508
"../../../Engine/Plugins/Interchange/Runtime/Content/gltf/MaterialFunctions/MF_IOR.uexp" 509
"../../../Engine/Plugins/Interchange/Runtime/Content/gltf/MaterialFunctions/MF_RotateNormals_TS.uasset" 510
"../../../Engine/Plugins/Interchange/Runtime/Content/gltf/MaterialFunctions/MF_RotateNormals_TS.uexp" 511
"../../../Engine/Plugins/Interchange/Runtime/Content/gltf/Textures/T_Generic_N.uasset" 512
"../../../Engine/Plugins/Interchange/Runtime/Content/gltf/Textures/T_Generic_N.uexp" 513
"../../../Engine/Plugins/Interchange/Runtime/Content/gltf/MaterialFunctions/MF_Normals.uasset" 514
"../../../Engine/Plugins/Interchange/Runtime/Content/gltf/MaterialFunctions/MF_Normals.uexp" 515
"../../../Engine/Plugins/Interchange/Runtime/Content/gltf/MaterialBodies/MF_Transmission_Body.uasset" 516
"../../../Engine/Plugins/Interchange/Runtime/Content/gltf/MaterialBodies/MF_Transmission_Body.uexp" 517
"../../../Engine/Plugins/Interchange/Runtime/Content/gltf/M_Transmission.uasset" 518
"../../../Engine/Plugins/Interchange/Runtime/Content/gltf/M_Transmission.uexp" 519
"../../../Engine/Plugins/Interchange/Runtime/Content/gltf/MaterialInstances/MI_Transmission_DS.uasset" 520
"../../../Engine/Plugins/Interchange/Runtime/Content/gltf/MaterialInstances/MI_Transmission_DS.uexp" 521
"../../../Engine/Plugins/Interchange/Runtime/Content/gltf/MaterialInstances/MI_Transmission.uasset" 522
"../../../Engine/Plugins/Interchange/Runtime/Content/gltf/MaterialInstances/MI_Transmission.uexp" 523
"../../../Engine/Plugins/Interchange/Runtime/Content/gltf/MaterialFunctions/MF_DiffuseSpecGloss.uasset" 524
"../../../Engine/Plugins/Interchange/Runtime/Content/gltf/MaterialFunctions/MF_DiffuseSpecGloss.uexp" 525
"../../../Engine/Content/Functions/Engine_MaterialFunctions02/Math/AddComponents.uasset" 526
"../../../Engine/Content/Functions/Engine_MaterialFunctions02/Math/AddComponents.uexp" 527
"../../../Engine/Plugins/Interchange/Runtime/Content/gltf/MaterialFunctions/MF_PerceivedBrightness.uasset" 528
"../../../Engine/Plugins/Interchange/Runtime/Content/gltf/MaterialFunctions/MF_PerceivedBrightness.uexp" 529
"../../../Engine/Plugins/Interchange/Runtime/Content/gltf/MaterialFunctions/MF_Emissive.uasset" 530
"../../../Engine/Plugins/Interchange/Runtime/Content/gltf/MaterialFunctions/MF_Emissive.uexp" 531
"../../../Engine/Plugins/Interchange/Runtime/Content/gltf/MaterialFunctions/MF_SpecGlossToMetalRoughness.uasset" 532
"../../../Engine/Plugins/Interchange/Runtime/Content/gltf/MaterialFunctions/MF_SpecGlossToMetalRoughness.uexp" 533
"../../../Engine/Plugins/Interchange/Runtime/Content/gltf/MaterialBodies/MF_SpecularGlossiness_Body.uasset" 534
"../../../Engine/Plugins/Interchange/Runtime/Content/gltf/MaterialBodies/MF_SpecularGlossiness_Body.uexp" 535
"../../../Engine/Plugins/Interchange/Runtime/Content/gltf/M_SpecularGlossiness.uasset" 536
"../../../Engine/Plugins/Interchange/Runtime/Content/gltf/M_SpecularGlossiness.uexp" 537
"../../../Engine/Plugins/Interchange/Runtime/Content/gltf/MaterialInstances/MI_SpecularGlossiness_Opaque_DS.uasset" 538
"../../../Engine/Plugins/Interchange/Runtime/Content/gltf/MaterialInstances/MI_SpecularGlossiness_Opaque_DS.uexp" 539
"../../../Engine/Plugins/Interchange/Runtime/Content/gltf/MaterialInstances/MI_SpecularGlossiness_Opaque.uasset" 540
"../../../Engine/Plugins/Interchange/Runtime/Content/gltf/MaterialInstances/MI_SpecularGlossiness_Opaque.uexp" 541
"../../../Engine/Plugins/Interchange/Runtime/Content/gltf/MaterialInstances/MI_SpecularGlossiness_Mask_DS.uasset" 542
"../../../Engine/Plugins/Interchange/Runtime/Content/gltf/MaterialInstances/MI_SpecularGlossiness_Mask_DS.uexp" 543
"../../../Engine/Plugins/Interchange/Runtime/Content/gltf/MaterialInstances/MI_SpecularGlossiness_Mask.uasset" 544
"../../../Engine/Plugins/Interchange/Runtime/Content/gltf/MaterialInstances/MI_SpecularGlossiness_Mask.uexp" 545
"../../../Engine/Plugins/Interchange/Runtime/Content/gltf/MaterialInstances/MI_SpecularGlossiness_Blend_DS.uasset" 546
"../../../Engine/Plugins/Interchange/Runtime/Content/gltf/MaterialInstances/MI_SpecularGlossiness_Blend_DS.uexp" 547
"../../../Engine/Plugins/Interchange/Runtime/Content/gltf/MaterialInstances/MI_SpecularGlossiness_Blend.uasset" 548
"../../../Engine/Plugins/Interchange/Runtime/Content/gltf/MaterialInstances/MI_SpecularGlossiness_Blend.uexp" 549
"../../../Engine/Plugins/Interchange/Runtime/Content/gltf/MaterialFunctions/MF_Sheen.uasset" 550
"../../../Engine/Plugins/Interchange/Runtime/Content/gltf/MaterialFunctions/MF_Sheen.uexp" 551
"../../../Engine/Plugins/Interchange/Runtime/Content/gltf/MaterialBodies/MF_Sheen_Body.uasset" 552
"../../../Engine/Plugins/Interchange/Runtime/Content/gltf/MaterialBodies/MF_Sheen_Body.uexp" 553
"../../../Engine/Plugins/Interchange/Runtime/Content/gltf/M_Sheen.uasset" 554
"../../../Engine/Plugins/Interchange/Runtime/Content/gltf/M_Sheen.uexp" 555
"../../../Engine/Plugins/Interchange/Runtime/Content/gltf/MaterialInstances/MI_Sheen_Opaque_DS.uasset" 556
"../../../Engine/Plugins/Interchange/Runtime/Content/gltf/MaterialInstances/MI_Sheen_Opaque_DS.uexp" 557
"../../../Engine/Plugins/Interchange/Runtime/Content/gltf/MaterialInstances/MI_Sheen_Opaque.uasset" 558
"../../../Engine/Plugins/Interchange/Runtime/Content/gltf/MaterialInstances/MI_Sheen_Opaque.uexp" 559
"../../../Engine/Plugins/Interchange/Runtime/Content/gltf/MaterialInstances/MI_Sheen_Mask_DS.uasset" 560
"../../../Engine/Plugins/Interchange/Runtime/Content/gltf/MaterialInstances/MI_Sheen_Mask_DS.uexp" 561
"../../../Engine/Plugins/Interchange/Runtime/Content/gltf/MaterialInstances/MI_Sheen_Mask.uasset" 562
"../../../Engine/Plugins/Interchange/Runtime/Content/gltf/MaterialInstances/MI_Sheen_Mask.uexp" 563
"../../../Engine/Plugins/Interchange/Runtime/Content/gltf/MaterialInstances/MI_Sheen_Blend_DS.uasset" 564
"../../../Engine/Plugins/Interchange/Runtime/Content/gltf/MaterialInstances/MI_Sheen_Blend_DS.uexp" 565
"../../../Engine/Plugins/Interchange/Runtime/Content/gltf/MaterialInstances/MI_Sheen_Blend.uasset" 566
"../../../Engine/Plugins/Interchange/Runtime/Content/gltf/MaterialInstances/MI_Sheen_Blend.uexp" 567
"../../../Engine/Plugins/Interchange/Runtime/Content/gltf/MaterialBodies/MF_Default_Body.uasset" 568
"../../../Engine/Plugins/Interchange/Runtime/Content/gltf/MaterialBodies/MF_Default_Body.uexp" 569
"../../../Engine/Plugins/Interchange/Runtime/Content/gltf/M_Default.uasset" 570
"../../../Engine/Plugins/Interchange/Runtime/Content/gltf/M_Default.uexp" 571
"../../../Engine/Plugins/Interchange/Runtime/Content/gltf/MaterialInstances/MI_Default_Opaque_DS.uasset" 572
"../../../Engine/Plugins/Interchange/Runtime/Content/gltf/MaterialInstances/MI_Default_Opaque_DS.uexp" 573
"../../../Engine/Plugins/Interchange/Runtime/Content/gltf/MaterialInstances/MI_Default_Opaque.uasset" 574
"../../../Engine/Plugins/Interchange/Runtime/Content/gltf/MaterialInstances/MI_Default_Opaque.uexp" 575
"../../../Engine/Plugins/Interchange/Runtime/Content/gltf/MaterialInstances/MI_Default_Mask_DS.uasset" 576
"../../../Engine/Plugins/Interchange/Runtime/Content/gltf/MaterialInstances/MI_Default_Mask_DS.uexp" 577
"../../../Engine/Plugins/Interchange/Runtime/Content/gltf/MaterialInstances/MI_Default_Mask.uasset" 578
"../../../Engine/Plugins/Interchange/Runtime/Content/gltf/MaterialInstances/MI_Default_Mask.uexp" 579
"../../../Engine/Plugins/Interchange/Runtime/Content/gltf/MaterialInstances/MI_Default_Blend_DS.uasset" 580
"../../../Engine/Plugins/Interchange/Runtime/Content/gltf/MaterialInstances/MI_Default_Blend_DS.uexp" 581
"../../../Engine/Plugins/Interchange/Runtime/Content/gltf/MaterialInstances/MI_Default_Blend.uasset" 582
"../../../Engine/Plugins/Interchange/Runtime/Content/gltf/MaterialInstances/MI_Default_Blend.uexp" 583
"../../../Engine/Content/Functions/Engine_MaterialFunctions01/Texturing/FlattenNormal.uasset" 584
"../../../Engine/Content/Functions/Engine_MaterialFunctions01/Texturing/FlattenNormal.uexp" 585
"../../../Engine/Plugins/Interchange/Runtime/Content/gltf/MaterialFunctions/MF_Clearcoat.uasset" 586
"../../../Engine/Plugins/Interchange/Runtime/Content/gltf/MaterialFunctions/MF_Clearcoat.uexp" 587
"../../../Engine/Plugins/Interchange/Runtime/Content/gltf/MaterialBodies/MF_ClearCoat_Body.uasset" 588
"../../../Engine/Plugins/Interchange/Runtime/Content/gltf/MaterialBodies/MF_ClearCoat_Body.uexp" 589
"../../../Engine/Plugins/Interchange/Runtime/Content/gltf/M_ClearCoat.uasset" 590
"../../../Engine/Plugins/Interchange/Runtime/Content/gltf/M_ClearCoat.uexp" 591
"../../../Engine/Plugins/Interchange/Runtime/Content/gltf/MaterialInstances/MI_ClearCoat_Opaque_DS.uasset" 592
"../../../Engine/Plugins/Interchange/Runtime/Content/gltf/MaterialInstances/MI_ClearCoat_Opaque_DS.uexp" 593
"../../../Engine/Plugins/Interchange/Runtime/Content/gltf/MaterialInstances/MI_ClearCoat_Opaque.uasset" 594
"../../../Engine/Plugins/Interchange/Runtime/Content/gltf/MaterialInstances/MI_ClearCoat_Opaque.uexp" 595
"../../../Engine/Plugins/Interchange/Runtime/Content/gltf/MaterialInstances/MI_ClearCoat_Mask_DS.uasset" 596
"../../../Engine/Plugins/Interchange/Runtime/Content/gltf/MaterialInstances/MI_ClearCoat_Mask_DS.uexp" 597
"../../../Engine/Plugins/Interchange/Runtime/Content/gltf/MaterialInstances/MI_ClearCoat_Mask.uasset" 598
"../../../Engine/Plugins/Interchange/Runtime/Content/gltf/MaterialInstances/MI_ClearCoat_Mask.uexp" 599
"../../../Engine/Plugins/Interchange/Runtime/Content/gltf/MaterialInstances/MI_ClearCoat_Blend_DS.uasset" 600
"../../../Engine/Plugins/Interchange/Runtime/Content/gltf/MaterialInstances/MI_ClearCoat_Blend_DS.uexp" 601
"../../../Engine/Plugins/Interchange/Runtime/Content/gltf/MaterialInstances/MI_ClearCoat_Blend.uasset" 602
"../../../Engine/Plugins/Interchange/Runtime/Content/gltf/MaterialInstances/MI_ClearCoat_Blend.uexp" 603
"../../../Engine/Content/Functions/Engine_MaterialFunctions01/Shading/PowerToRoughness.uasset" 604
"../../../Engine/Content/Functions/Engine_MaterialFunctions01/Shading/PowerToRoughness.uexp" 605
"../../../Engine/Content/Functions/Engine_MaterialFunctions01/Shading/ConvertFromDiffSpec.uasset" 606
"../../../Engine/Content/Functions/Engine_MaterialFunctions01/Shading/ConvertFromDiffSpec.uexp" 607
"../../../Engine/Content/EngineMaterials/Substrate/Volume/SubstrateSimpleVolumeLUT3D.uasset" 608
"../../../Engine/Content/EngineMaterials/Substrate/Volume/SubstrateSimpleVolumeLUT3D.uexp" 609
"../../../Engine/Content/EngineMaterials/Substrate/Volume/SubstrateSimpleVolumeEnvLUT3D.uasset" 610
"../../../Engine/Content/EngineMaterials/Substrate/Volume/SubstrateSimpleVolumeEnvLUT3D.uexp" 611
"../../../Engine/Content/EngineMaterials/Substrate/GLints2/AGlintTex2dArray2.uasset" 612
"../../../Engine/Content/EngineMaterials/Substrate/GLints2/AGlintTex2dArray2.uexp" 613
"../../../Engine/Content/EngineMaterials/Substrate/GLints/AGlintTex2dArray.uasset" 614
"../../../Engine/Content/EngineMaterials/Substrate/GLints/AGlintTex2dArray.uexp" 615
"../../../Engine/Content/BasicShapes/Cone.uasset" 616
"../../../Engine/Content/BasicShapes/Cone.uexp" 617
"D:/Unreal Projects/Dodging_Bullets/Content/StarterContent/Materials/M_Basic_Wall.uasset" 618
"D:/Unreal Projects/Dodging_Bullets/Content/StarterContent/Materials/M_Basic_Wall.uexp" 619
"D:/Unreal Projects/Dodging_Bullets/Content/StarterContent/Architecture/Wall_Door_400x300.uasset" 620
"D:/Unreal Projects/Dodging_Bullets/Content/StarterContent/Architecture/Wall_Door_400x300.uexp" 621
"D:/Unreal Projects/Dodging_Bullets/Content/StarterContent/Architecture/Pillar_50x500.uasset" 622
"D:/Unreal Projects/Dodging_Bullets/Content/StarterContent/Architecture/Pillar_50x500.uexp" 623
"../../../Engine/Content/EngineSky/C_Sky_Horizon_Color.uasset" 624
"../../../Engine/Content/EngineSky/C_Sky_Horizon_Color.uexp" 625
"../../../Engine/Content/EngineSky/T_Sky_Stars.ubulk" 626
"../../../Engine/Content/EngineSky/T_Sky_Stars.uasset" 627
"../../../Engine/Content/EngineSky/T_Sky_Stars.uexp" 628
"../../../Engine/Content/EngineSky/T_Sky_Clouds_M.ubulk" 629
"../../../Engine/Content/EngineSky/T_Sky_Clouds_M.uasset" 630
"../../../Engine/Content/EngineSky/T_Sky_Clouds_M.uexp" 631
"../../../Engine/Content/EngineSky/T_Sky_Blue.ubulk" 632
"../../../Engine/Content/EngineSky/T_Sky_Blue.uasset" 633
"../../../Engine/Content/EngineSky/T_Sky_Blue.uexp" 634
"../../../Engine/Content/EngineSky/M_Sky_Panning_Clouds2.uasset" 635
"../../../Engine/Content/EngineSky/M_Sky_Panning_Clouds2.uexp" 636
"../../../Engine/Content/EngineSky/SM_SkySphere.uasset" 637
"../../../Engine/Content/EngineSky/SM_SkySphere.uexp" 638
"../../../Engine/Content/EngineSky/C_Sky_Cloud_Color.uasset" 639
"../../../Engine/Content/EngineSky/C_Sky_Cloud_Color.uexp" 640
"../../../Engine/Content/EngineSky/C_Sky_Zenith_Color.uasset" 641
"../../../Engine/Content/EngineSky/C_Sky_Zenith_Color.uexp" 642
"../../../Engine/Content/EngineSky/BP_Sky_Sphere.uasset" 643
"../../../Engine/Content/EngineSky/BP_Sky_Sphere.uexp" 644
"D:/Unreal Projects/Dodging_Bullets/Content/StarterContent/Audio/Starter_Wind06.ubulk" 645
"D:/Unreal Projects/Dodging_Bullets/Content/StarterContent/Audio/Starter_Wind06.uasset" 646
"D:/Unreal Projects/Dodging_Bullets/Content/StarterContent/Audio/Starter_Wind06.uexp" 647
"D:/Unreal Projects/Dodging_Bullets/Content/Maps/SandboxWorld_BuiltData.ubulk" 648
"D:/Unreal Projects/Dodging_Bullets/Content/Maps/SandboxWorld_BuiltData.uasset" 649
"D:/Unreal Projects/Dodging_Bullets/Content/Maps/SandboxWorld_BuiltData.uexp" 650
"../../../Engine/Content/MapTemplates/SM_Template_Map_Floor.uasset" 651
"../../../Engine/Content/MapTemplates/SM_Template_Map_Floor.uexp" 652
"D:/Unreal Projects/Dodging_Bullets/Content/Characters/Mannequins/Meshes/SK_Mannequin.uasset" 653
"D:/Unreal Projects/Dodging_Bullets/Content/Characters/Mannequins/Meshes/SK_Mannequin.uexp" 654
"D:/Unreal Projects/Dodging_Bullets/Content/Characters/Mannequins/Rigs/Poses/Manny/Manny_foot_l_pose.uasset" 655
"D:/Unreal Projects/Dodging_Bullets/Content/Characters/Mannequins/Rigs/Poses/Manny/Manny_foot_l_pose.uexp" 656
"D:/Unreal Projects/Dodging_Bullets/Content/Characters/Mannequins/Rigs/Poses/Manny/Manny_thigh_r_pose.uasset" 657
"D:/Unreal Projects/Dodging_Bullets/Content/Characters/Mannequins/Rigs/Poses/Manny/Manny_thigh_r_pose.uexp" 658
"D:/Unreal Projects/Dodging_Bullets/Content/Characters/Mannequins/Rigs/Poses/Manny/Manny_hand_r_pose.uasset" 659
"D:/Unreal Projects/Dodging_Bullets/Content/Characters/Mannequins/Rigs/Poses/Manny/Manny_hand_r_pose.uexp" 660
"D:/Unreal Projects/Dodging_Bullets/Content/Characters/Mannequins/Rigs/Poses/Manny/Manny_clavicle_l_pose.uasset" 661
"D:/Unreal Projects/Dodging_Bullets/Content/Characters/Mannequins/Rigs/Poses/Manny/Manny_clavicle_l_pose.uexp" 662
"D:/Unreal Projects/Dodging_Bullets/Content/Characters/Mannequins/Rigs/Poses/Manny/Manny_calf_l_pose.uasset" 663
"D:/Unreal Projects/Dodging_Bullets/Content/Characters/Mannequins/Rigs/Poses/Manny/Manny_calf_l_pose.uexp" 664
"D:/Unreal Projects/Dodging_Bullets/Content/Characters/Mannequins/Rigs/Poses/Manny/Manny_hand_l_pose.uasset" 665
"D:/Unreal Projects/Dodging_Bullets/Content/Characters/Mannequins/Rigs/Poses/Manny/Manny_hand_l_pose.uexp" 666
"../../../Engine/Plugins/Animation/ControlRig/Content/Controls/DefaultGizmoLibrary.uasset" 667
"../../../Engine/Plugins/Animation/ControlRig/Content/Controls/DefaultGizmoLibrary.uexp" 668
"D:/Unreal Projects/Dodging_Bullets/Content/Characters/Mannequins/Rigs/CR_Mannequin_Procedural.uasset" 669
"D:/Unreal Projects/Dodging_Bullets/Content/Characters/Mannequins/Rigs/CR_Mannequin_Procedural.uexp" 670
"D:/Unreal Projects/Dodging_Bullets/Content/Characters/Mannequins/Rigs/Poses/Manny/Manny_upperarm_r_pose.uasset" 671
"D:/Unreal Projects/Dodging_Bullets/Content/Characters/Mannequins/Rigs/Poses/Manny/Manny_upperarm_r_pose.uexp" 672
"D:/Unreal Projects/Dodging_Bullets/Content/Characters/Mannequins/Rigs/Poses/Manny/Manny_lowerarm_r_pose.uasset" 673
"D:/Unreal Projects/Dodging_Bullets/Content/Characters/Mannequins/Rigs/Poses/Manny/Manny_lowerarm_r_pose.uexp" 674
"D:/Unreal Projects/Dodging_Bullets/Content/Characters/Mannequins/Rigs/Poses/Manny/Manny_calf_r_pose.uasset" 675
"D:/Unreal Projects/Dodging_Bullets/Content/Characters/Mannequins/Rigs/Poses/Manny/Manny_calf_r_pose.uexp" 676
"D:/Unreal Projects/Dodging_Bullets/Content/Characters/Mannequins/Rigs/Poses/Manny/Manny_foot_r_pose.uasset" 677
"D:/Unreal Projects/Dodging_Bullets/Content/Characters/Mannequins/Rigs/Poses/Manny/Manny_foot_r_pose.uexp" 678
"D:/Unreal Projects/Dodging_Bullets/Content/Characters/Mannequins/Rigs/Poses/Manny/Manny_lowerarm_l_pose.uasset" 679
"D:/Unreal Projects/Dodging_Bullets/Content/Characters/Mannequins/Rigs/Poses/Manny/Manny_lowerarm_l_pose.uexp" 680
"D:/Unreal Projects/Dodging_Bullets/Content/Characters/Mannequins/Rigs/Poses/Manny/Manny_clavicle_r_pose.uasset" 681
"D:/Unreal Projects/Dodging_Bullets/Content/Characters/Mannequins/Rigs/Poses/Manny/Manny_clavicle_r_pose.uexp" 682
"D:/Unreal Projects/Dodging_Bullets/Content/Characters/Mannequins/Rigs/Poses/Manny/Manny_thigh_l_pose.uasset" 683
"D:/Unreal Projects/Dodging_Bullets/Content/Characters/Mannequins/Rigs/Poses/Manny/Manny_thigh_l_pose.uexp" 684
"D:/Unreal Projects/Dodging_Bullets/Content/Characters/Mannequins/Rigs/Poses/Manny/Manny_upperarm_l_pose.uasset" 685
"D:/Unreal Projects/Dodging_Bullets/Content/Characters/Mannequins/Rigs/Poses/Manny/Manny_upperarm_l_pose.uexp" 686
"D:/Unreal Projects/Dodging_Bullets/Content/Characters/Mannequins/Rigs/ABP_Manny_PostProcess.uasset" 687
"D:/Unreal Projects/Dodging_Bullets/Content/Characters/Mannequins/Rigs/ABP_Manny_PostProcess.uexp" 688
"D:/Unreal Projects/Dodging_Bullets/Content/Characters/Mannequins/Textures/Manny/T_Manny_02_MSR_MSK.ubulk" 689
"D:/Unreal Projects/Dodging_Bullets/Content/Characters/Mannequins/Textures/Manny/T_Manny_02_MSR_MSK.uasset" 690
"D:/Unreal Projects/Dodging_Bullets/Content/Characters/Mannequins/Textures/Manny/T_Manny_02_MSR_MSK.uexp" 691
"D:/Unreal Projects/Dodging_Bullets/Content/Characters/Mannequins/Textures/Manny/T_Manny_02_CCRCCPlastic_MSK.ubulk" 692
"D:/Unreal Projects/Dodging_Bullets/Content/Characters/Mannequins/Textures/Manny/T_Manny_02_CCRCCPlastic_MSK.uasset" 693
"D:/Unreal Projects/Dodging_Bullets/Content/Characters/Mannequins/Textures/Manny/T_Manny_02_CCRCCPlastic_MSK.uexp" 694
"D:/Unreal Projects/Dodging_Bullets/Content/Characters/Mannequins/Textures/Manny/T_Manny_02_Tan.ubulk" 695
"D:/Unreal Projects/Dodging_Bullets/Content/Characters/Mannequins/Textures/Manny/T_Manny_02_Tan.uasset" 696
"D:/Unreal Projects/Dodging_Bullets/Content/Characters/Mannequins/Textures/Manny/T_Manny_02_Tan.uexp" 697
"D:/Unreal Projects/Dodging_Bullets/Content/Characters/Mannequins/Textures/Manny/T_Manny_02_N.ubulk" 698
"D:/Unreal Projects/Dodging_Bullets/Content/Characters/Mannequins/Textures/Manny/T_Manny_02_N.uasset" 699
"D:/Unreal Projects/Dodging_Bullets/Content/Characters/Mannequins/Textures/Manny/T_Manny_02_N.uexp" 700
"D:/Unreal Projects/Dodging_Bullets/Content/Characters/Mannequins/Textures/Manny/T_Manny_01_N.ubulk" 701
"D:/Unreal Projects/Dodging_Bullets/Content/Characters/Mannequins/Textures/Manny/T_Manny_01_N.uasset" 702
"D:/Unreal Projects/Dodging_Bullets/Content/Characters/Mannequins/Textures/Manny/T_Manny_01_N.uexp" 703
"D:/Unreal Projects/Dodging_Bullets/Content/Characters/Mannequins/Materials/Functions/ChromaticCurve.uasset" 704
"D:/Unreal Projects/Dodging_Bullets/Content/Characters/Mannequins/Materials/Functions/ChromaticCurve.uexp" 705
"D:/Unreal Projects/Dodging_Bullets/Content/Characters/Mannequins/Materials/Functions/CA_Mannequin.uasset" 706
"D:/Unreal Projects/Dodging_Bullets/Content/Characters/Mannequins/Materials/Functions/CA_Mannequin.uexp" 707
"D:/Unreal Projects/Dodging_Bullets/Content/Characters/Mannequins/Materials/Functions/MF_Diffraction.uasset" 708
"D:/Unreal Projects/Dodging_Bullets/Content/Characters/Mannequins/Materials/Functions/MF_Diffraction.uexp" 709
"D:/Unreal Projects/Dodging_Bullets/Content/Characters/Mannequins/Materials/Functions/ML_BaseColorFallOff.uasset" 710
"D:/Unreal Projects/Dodging_Bullets/Content/Characters/Mannequins/Materials/Functions/ML_BaseColorFallOff.uexp" 711
"../../../Engine/Content/Functions/Engine_MaterialFunctions01/Texturing/ScaleUVsByCenter.uasset" 712
"../../../Engine/Content/Functions/Engine_MaterialFunctions01/Texturing/ScaleUVsByCenter.uexp" 713
"D:/Unreal Projects/Dodging_Bullets/Content/Characters/Mannequins/Textures/Shared/T_UE_Logo_M.uasset" 714
"D:/Unreal Projects/Dodging_Bullets/Content/Characters/Mannequins/Textures/Shared/T_UE_Logo_M.uexp" 715
"D:/Unreal Projects/Dodging_Bullets/Content/Characters/Mannequins/Materials/Functions/MF_logo3layers.uasset" 716
"D:/Unreal Projects/Dodging_Bullets/Content/Characters/Mannequins/Materials/Functions/MF_logo3layers.uexp" 717
"D:/Unreal Projects/Dodging_Bullets/Content/Characters/Mannequins/Textures/Manny/T_Manny_01_CCRCCPlastic_MSK.ubulk" 718
"D:/Unreal Projects/Dodging_Bullets/Content/Characters/Mannequins/Textures/Manny/T_Manny_01_CCRCCPlastic_MSK.uasset" 719
"D:/Unreal Projects/Dodging_Bullets/Content/Characters/Mannequins/Textures/Manny/T_Manny_01_CCRCCPlastic_MSK.uexp" 720
"D:/Unreal Projects/Dodging_Bullets/Content/Characters/Mannequins/Textures/Manny/T_Manny_01_ASAOPMASK_MSK.ubulk" 721
"D:/Unreal Projects/Dodging_Bullets/Content/Characters/Mannequins/Textures/Manny/T_Manny_01_ASAOPMASK_MSK.uasset" 722
"D:/Unreal Projects/Dodging_Bullets/Content/Characters/Mannequins/Textures/Manny/T_Manny_01_ASAOPMASK_MSK.uexp" 723
"D:/Unreal Projects/Dodging_Bullets/Content/Characters/Mannequins/Textures/Manny/T_Manny_01_MSR_MSK.ubulk" 724
"D:/Unreal Projects/Dodging_Bullets/Content/Characters/Mannequins/Textures/Manny/T_Manny_01_MSR_MSK.uasset" 725
"D:/Unreal Projects/Dodging_Bullets/Content/Characters/Mannequins/Textures/Manny/T_Manny_01_MSR_MSK.uexp" 726
"D:/Unreal Projects/Dodging_Bullets/Content/Characters/Mannequins/Textures/Manny/T_Manny_01_BN.ubulk" 727
"D:/Unreal Projects/Dodging_Bullets/Content/Characters/Mannequins/Textures/Manny/T_Manny_01_BN.uasset" 728
"D:/Unreal Projects/Dodging_Bullets/Content/Characters/Mannequins/Textures/Manny/T_Manny_01_BN.uexp" 729
"D:/Unreal Projects/Dodging_Bullets/Content/Characters/Mannequins/Textures/Manny/T_Manny_01_D.ubulk" 730
"D:/Unreal Projects/Dodging_Bullets/Content/Characters/Mannequins/Textures/Manny/T_Manny_01_D.uasset" 731
"D:/Unreal Projects/Dodging_Bullets/Content/Characters/Mannequins/Textures/Manny/T_Manny_01_D.uexp" 732
"D:/Unreal Projects/Dodging_Bullets/Content/Characters/Mannequins/Textures/Manny/T_Manny_01_Tan.ubulk" 733
"D:/Unreal Projects/Dodging_Bullets/Content/Characters/Mannequins/Textures/Manny/T_Manny_01_Tan.uasset" 734
"D:/Unreal Projects/Dodging_Bullets/Content/Characters/Mannequins/Textures/Manny/T_Manny_01_Tan.uexp" 735
"D:/Unreal Projects/Dodging_Bullets/Content/Characters/Mannequins/Materials/M_Mannequin.uasset" 736
"D:/Unreal Projects/Dodging_Bullets/Content/Characters/Mannequins/Materials/M_Mannequin.uexp" 737
"D:/Unreal Projects/Dodging_Bullets/Content/Characters/Mannequins/Materials/Instances/Manny/MI_Manny_01.uasset" 738
"D:/Unreal Projects/Dodging_Bullets/Content/Characters/Mannequins/Materials/Instances/Manny/MI_Manny_01.uexp" 739
"D:/Unreal Projects/Dodging_Bullets/Content/Characters/Mannequins/Textures/Manny/T_Manny_02_BN.ubulk" 740
"D:/Unreal Projects/Dodging_Bullets/Content/Characters/Mannequins/Textures/Manny/T_Manny_02_BN.uasset" 741
"D:/Unreal Projects/Dodging_Bullets/Content/Characters/Mannequins/Textures/Manny/T_Manny_02_BN.uexp" 742
"D:/Unreal Projects/Dodging_Bullets/Content/Characters/Mannequins/Textures/Manny/T_Manny_02_ASAOPMASK_MSK.ubulk" 743
"D:/Unreal Projects/Dodging_Bullets/Content/Characters/Mannequins/Textures/Manny/T_Manny_02_ASAOPMASK_MSK.uasset" 744
"D:/Unreal Projects/Dodging_Bullets/Content/Characters/Mannequins/Textures/Manny/T_Manny_02_ASAOPMASK_MSK.uexp" 745
"D:/Unreal Projects/Dodging_Bullets/Content/Characters/Mannequins/Textures/Manny/T_Manny_02_D.ubulk" 746
"D:/Unreal Projects/Dodging_Bullets/Content/Characters/Mannequins/Textures/Manny/T_Manny_02_D.uasset" 747
"D:/Unreal Projects/Dodging_Bullets/Content/Characters/Mannequins/Textures/Manny/T_Manny_02_D.uexp" 748
"D:/Unreal Projects/Dodging_Bullets/Content/Characters/Mannequins/Materials/Instances/Manny/MI_Manny_02.uasset" 749
"D:/Unreal Projects/Dodging_Bullets/Content/Characters/Mannequins/Materials/Instances/Manny/MI_Manny_02.uexp" 750
"D:/Unreal Projects/Dodging_Bullets/Content/Characters/Mannequins/Rigs/PA_Mannequin.uasset" 751
"D:/Unreal Projects/Dodging_Bullets/Content/Characters/Mannequins/Rigs/PA_Mannequin.uexp" 752
"D:/Unreal Projects/Dodging_Bullets/Content/Characters/Mannequins/Meshes/SKM_Manny.uasset" 753
"D:/Unreal Projects/Dodging_Bullets/Content/Characters/Mannequins/Meshes/SKM_Manny.uexp" 754
"../../../Engine/Content/Animation/DefaultAnimCurveCompressionSettings.uasset" 755
"../../../Engine/Content/Animation/DefaultAnimCurveCompressionSettings.uexp" 756
"../../../Engine/Content/Animation/DefaultVariableFrameStrippingSettings.uasset" 757
"../../../Engine/Content/Animation/DefaultVariableFrameStrippingSettings.uexp" 758
"../../../Engine/Content/Animation/DefaultAnimBoneCompressionSettings.uasset" 759
"../../../Engine/Content/Animation/DefaultAnimBoneCompressionSettings.uexp" 760
"D:/Unreal Projects/Dodging_Bullets/Content/Characters/Mannequins/Animations/Manny/MM_Fall_Loop.uasset" 761
"D:/Unreal Projects/Dodging_Bullets/Content/Characters/Mannequins/Animations/Manny/MM_Fall_Loop.uexp" 762
"D:/Unreal Projects/Dodging_Bullets/Content/Characters/Mannequins/Animations/Manny/MM_Jump.uasset" 763
"D:/Unreal Projects/Dodging_Bullets/Content/Characters/Mannequins/Animations/Manny/MM_Jump.uexp" 764
"D:/Unreal Projects/Dodging_Bullets/Content/Characters/Mannequins/Rigs/CR_Mannequin_BasicFootIK.uasset" 765
"D:/Unreal Projects/Dodging_Bullets/Content/Characters/Mannequins/Rigs/CR_Mannequin_BasicFootIK.uexp" 766
"D:/Unreal Projects/Dodging_Bullets/Content/Characters/Mannequins/Animations/Manny/MM_Run_Fwd.uasset" 767
"D:/Unreal Projects/Dodging_Bullets/Content/Characters/Mannequins/Animations/Manny/MM_Run_Fwd.uexp" 768
"D:/Unreal Projects/Dodging_Bullets/Content/Characters/Mannequins/Animations/Manny/MM_Walk_Fwd.uasset" 769
"D:/Unreal Projects/Dodging_Bullets/Content/Characters/Mannequins/Animations/Manny/MM_Walk_Fwd.uexp" 770
"../../../Engine/Content/Animation/DefaultRecorderBoneCompression.uasset" 771
"../../../Engine/Content/Animation/DefaultRecorderBoneCompression.uexp" 772
"D:/Unreal Projects/Dodging_Bullets/Content/Characters/Mannequins/Animations/Manny/MM_Walk_InPlace.uasset" 773
"D:/Unreal Projects/Dodging_Bullets/Content/Characters/Mannequins/Animations/Manny/MM_Walk_InPlace.uexp" 774
"D:/Unreal Projects/Dodging_Bullets/Content/Characters/Mannequins/Animations/Manny/BS_MM_WalkRun.uasset" 775
"D:/Unreal Projects/Dodging_Bullets/Content/Characters/Mannequins/Animations/Manny/BS_MM_WalkRun.uexp" 776
"D:/Unreal Projects/Dodging_Bullets/Content/Characters/Mannequins/Animations/Manny/MM_Land.uasset" 777
"D:/Unreal Projects/Dodging_Bullets/Content/Characters/Mannequins/Animations/Manny/MM_Land.uexp" 778
"D:/Unreal Projects/Dodging_Bullets/Content/Characters/Mannequins/Animations/Manny/MM_Idle.uasset" 779
"D:/Unreal Projects/Dodging_Bullets/Content/Characters/Mannequins/Animations/Manny/MM_Idle.uexp" 780
"D:/Unreal Projects/Dodging_Bullets/Content/Characters/Mannequins/Animations/ABP_Manny.uasset" 781
"D:/Unreal Projects/Dodging_Bullets/Content/Characters/Mannequins/Animations/ABP_Manny.uexp" 782
"D:/Unreal Projects/Dodging_Bullets/Content/Blueprints/misc/TargetDummy.uasset" 783
"D:/Unreal Projects/Dodging_Bullets/Content/Blueprints/misc/TargetDummy.uexp" 784
"D:/Unreal Projects/Dodging_Bullets/Content/LevelPrototyping/Textures/T_GridChecker_A.ubulk" 785
"D:/Unreal Projects/Dodging_Bullets/Content/LevelPrototyping/Textures/T_GridChecker_A.uasset" 786
"D:/Unreal Projects/Dodging_Bullets/Content/LevelPrototyping/Textures/T_GridChecker_A.uexp" 787
"../../../Engine/Content/Functions/Engine_MaterialFunctions01/Gradient/LinearGradient.uasset" 788
"../../../Engine/Content/Functions/Engine_MaterialFunctions01/Gradient/LinearGradient.uexp" 789
"../../../Engine/Content/Functions/Engine_MaterialFunctions01/ImageAdjustment/CheapContrast.uasset" 790
"../../../Engine/Content/Functions/Engine_MaterialFunctions01/ImageAdjustment/CheapContrast.uexp" 791
"D:/Unreal Projects/Dodging_Bullets/Content/LevelPrototyping/Materials/MF_ProcGrid.uasset" 792
"D:/Unreal Projects/Dodging_Bullets/Content/LevelPrototyping/Materials/MF_ProcGrid.uexp" 793
"D:/Unreal Projects/Dodging_Bullets/Content/LevelPrototyping/Materials/M_PrototypeGrid.uasset" 794
"D:/Unreal Projects/Dodging_Bullets/Content/LevelPrototyping/Materials/M_PrototypeGrid.uexp" 795
"D:/Unreal Projects/Dodging_Bullets/Content/LevelPrototyping/Materials/MI_PrototypeGrid_Gray.uasset" 796
"D:/Unreal Projects/Dodging_Bullets/Content/LevelPrototyping/Materials/MI_PrototypeGrid_Gray.uexp" 797
"D:/Unreal Projects/Dodging_Bullets/Content/StarterContent/Architecture/Wall_400x300.uasset" 798
"D:/Unreal Projects/Dodging_Bullets/Content/StarterContent/Architecture/Wall_400x300.uexp" 799
"D:/Unreal Projects/Dodging_Bullets/Content/LevelPrototyping/Materials/MI_PrototypeGrid_TopDark.uasset" 800
"D:/Unreal Projects/Dodging_Bullets/Content/LevelPrototyping/Materials/MI_PrototypeGrid_TopDark.uexp" 801
"D:/Unreal Projects/Dodging_Bullets/Content/LevelPrototyping/Materials/MI_PrototypeGrid_Gray_02.uasset" 802
"D:/Unreal Projects/Dodging_Bullets/Content/LevelPrototyping/Materials/MI_PrototypeGrid_Gray_02.uexp" 803
"D:/Unreal Projects/Dodging_Bullets/Content/Maps/SandboxWorld.uexp" 804
"D:/Unreal Projects/Dodging_Bullets/Content/Maps/SandboxWorld.umap" 805
"../../../Engine/Content/BasicShapes/Cube.uasset" 806
"../../../Engine/Content/BasicShapes/Cube.uexp" 807
"D:/Unreal Projects/Dodging_Bullets/Content/StarterContent/Audio/Starter_Music01.ubulk" 808
"D:/Unreal Projects/Dodging_Bullets/Content/StarterContent/Audio/Starter_Music01.uasset" 809
"D:/Unreal Projects/Dodging_Bullets/Content/StarterContent/Audio/Starter_Music01.uexp" 810
"../../../Engine/Content/BasicShapes/BasicShapeMaterial.uasset" 811
"../../../Engine/Content/BasicShapes/BasicShapeMaterial.uexp" 812
"D:/Unreal Projects/Dodging_Bullets/Content/video/Title_Card.uasset" 813
"D:/Unreal Projects/Dodging_Bullets/Content/video/Title_Card.uexp" 814
"D:/Unreal Projects/Dodging_Bullets/Content/video/TitleCard_MP.uasset" 815
"D:/Unreal Projects/Dodging_Bullets/Content/video/TitleCard_MP.uexp" 816
"D:/Unreal Projects/Dodging_Bullets/Content/video/TitleCard_MP_Video.uasset" 817
"D:/Unreal Projects/Dodging_Bullets/Content/video/TitleCard_MP_Video.uexp" 818
"D:/Unreal Projects/Dodging_Bullets/Content/video/TitleCard_MP_Video_Mat.uasset" 819
"D:/Unreal Projects/Dodging_Bullets/Content/video/TitleCard_MP_Video_Mat.uexp" 820
"D:/Unreal Projects/Dodging_Bullets/Content/Blueprints/UI/MainMenu_UI.uasset" 821
"D:/Unreal Projects/Dodging_Bullets/Content/Blueprints/UI/MainMenu_UI.uexp" 822
"D:/Unreal Projects/Dodging_Bullets/Content/Blueprints/Player/Main_Menu/Menu_CH.uasset" 823
"D:/Unreal Projects/Dodging_Bullets/Content/Blueprints/Player/Main_Menu/Menu_CH.uexp" 824
"D:/Unreal Projects/Dodging_Bullets/Content/Blueprints/Player/Main_Menu/Menu_GM.uasset" 825
"D:/Unreal Projects/Dodging_Bullets/Content/Blueprints/Player/Main_Menu/Menu_GM.uexp" 826
"D:/Unreal Projects/Dodging_Bullets/Content/Maps/MainMenu.uexp" 827
"D:/Unreal Projects/Dodging_Bullets/Content/Maps/MainMenu.umap" 828
"D:/Unreal Projects/Dodging_Bullets/Content/StarterContent/Audio/Starter_Wind05.ubulk" 829
"D:/Unreal Projects/Dodging_Bullets/Content/StarterContent/Audio/Starter_Wind05.uasset" 830
"D:/Unreal Projects/Dodging_Bullets/Content/StarterContent/Audio/Starter_Wind05.uexp" 831
"D:/Unreal Projects/Dodging_Bullets/Content/Blueprints/misc/WeaponInterface.uasset" 832
"D:/Unreal Projects/Dodging_Bullets/Content/Blueprints/misc/WeaponInterface.uexp" 833
"D:/Unreal Projects/Dodging_Bullets/Content/Blueprints/misc/InventoryInterface.uasset" 834
"D:/Unreal Projects/Dodging_Bullets/Content/Blueprints/misc/InventoryInterface.uexp" 835
"D:/Unreal Projects/Dodging_Bullets/Content/Blueprints/misc/InventoryActorComponent.uasset" 836
"D:/Unreal Projects/Dodging_Bullets/Content/Blueprints/misc/InventoryActorComponent.uexp" 837
"D:/Unreal Projects/Dodging_Bullets/Content/Blueprints/SaveObjects/Loadout.uasset" 838
"D:/Unreal Projects/Dodging_Bullets/Content/Blueprints/SaveObjects/Loadout.uexp" 839
"D:/Unreal Projects/Dodging_Bullets/Content/Blueprints/Player/Main/Player_C.uasset" 840
"D:/Unreal Projects/Dodging_Bullets/Content/Blueprints/Player/Main/Player_C.uexp" 841
"D:/Unreal Projects/Dodging_Bullets/Content/Blueprints/DataTables/Struct/LoadoutTable_Struct.uasset" 842
"D:/Unreal Projects/Dodging_Bullets/Content/Blueprints/DataTables/Struct/LoadoutTable_Struct.uexp" 843
"../../../Engine/Content/Functions/Engine_MaterialFunctions02/Utility/BlendAngleCorrectedNormals.uasset" 844
"../../../Engine/Content/Functions/Engine_MaterialFunctions02/Utility/BlendAngleCorrectedNormals.uexp" 845
"D:/Unreal Projects/Dodging_Bullets/Content/Models/FPWeapon/Materials/MaterialLayers/ML_Screen.uasset" 846
"D:/Unreal Projects/Dodging_Bullets/Content/Models/FPWeapon/Materials/MaterialLayers/ML_Screen.uexp" 847
"../../../Engine/Content/Functions/MaterialLayerFunctions/MatLayerBlend_NormalBlend.uasset" 848
"../../../Engine/Content/Functions/MaterialLayerFunctions/MatLayerBlend_NormalBlend.uexp" 849
"D:/Unreal Projects/Dodging_Bullets/Content/Models/FPWeapon/Materials/MaterialLayers/T_ML_Aluminum01_N.ubulk" 850
"D:/Unreal Projects/Dodging_Bullets/Content/Models/FPWeapon/Materials/MaterialLayers/T_ML_Aluminum01_N.uasset" 851
"D:/Unreal Projects/Dodging_Bullets/Content/Models/FPWeapon/Materials/MaterialLayers/T_ML_Aluminum01_N.uexp" 852
"../../../Engine/Content/Functions/MaterialLayerFunctions/MatLayerBlend_Simple.uasset" 853
"../../../Engine/Content/Functions/MaterialLayerFunctions/MatLayerBlend_Simple.uexp" 854
"D:/Unreal Projects/Dodging_Bullets/Content/Models/FPWeapon/Materials/MaterialLayers/T_ML_Aluminum01.ubulk" 855
"D:/Unreal Projects/Dodging_Bullets/Content/Models/FPWeapon/Materials/MaterialLayers/T_ML_Aluminum01.uasset" 856
"D:/Unreal Projects/Dodging_Bullets/Content/Models/FPWeapon/Materials/MaterialLayers/T_ML_Aluminum01.uexp" 857
"D:/Unreal Projects/Dodging_Bullets/Content/Models/FPWeapon/Textures/T_FPGun_M.ubulk" 858
"D:/Unreal Projects/Dodging_Bullets/Content/Models/FPWeapon/Textures/T_FPGun_M.uasset" 859
"D:/Unreal Projects/Dodging_Bullets/Content/Models/FPWeapon/Textures/T_FPGun_M.uexp" 860
"D:/Unreal Projects/Dodging_Bullets/Content/Models/FPWeapon/Materials/MaterialLayers/ML_Plastic_Shiny_Beige.uasset" 861
"D:/Unreal Projects/Dodging_Bullets/Content/Models/FPWeapon/Materials/MaterialLayers/ML_Plastic_Shiny_Beige.uexp" 862
"D:/Unreal Projects/Dodging_Bullets/Content/Models/FPWeapon/Materials/MaterialLayers/T_ML_Rubber_Blue_01_N.ubulk" 863
"D:/Unreal Projects/Dodging_Bullets/Content/Models/FPWeapon/Materials/MaterialLayers/T_ML_Rubber_Blue_01_N.uasset" 864
"D:/Unreal Projects/Dodging_Bullets/Content/Models/FPWeapon/Materials/MaterialLayers/T_ML_Rubber_Blue_01_N.uexp" 865
"D:/Unreal Projects/Dodging_Bullets/Content/Models/FPWeapon/Materials/MaterialLayers/T_ML_Rubber_Blue_01_D.ubulk" 866
"D:/Unreal Projects/Dodging_Bullets/Content/Models/FPWeapon/Materials/MaterialLayers/T_ML_Rubber_Blue_01_D.uasset" 867
"D:/Unreal Projects/Dodging_Bullets/Content/Models/FPWeapon/Materials/MaterialLayers/T_ML_Rubber_Blue_01_D.uexp" 868
"D:/Unreal Projects/Dodging_Bullets/Content/Models/FPWeapon/Materials/MaterialLayers/ML_GlossyBlack_Latex_UE4.uasset" 869
"D:/Unreal Projects/Dodging_Bullets/Content/Models/FPWeapon/Materials/MaterialLayers/ML_GlossyBlack_Latex_UE4.uexp" 870
"D:/Unreal Projects/Dodging_Bullets/Content/Models/FPWeapon/Textures/T_FPGun_N.ubulk" 871
"D:/Unreal Projects/Dodging_Bullets/Content/Models/FPWeapon/Textures/T_FPGun_N.uasset" 872
"D:/Unreal Projects/Dodging_Bullets/Content/Models/FPWeapon/Textures/T_FPGun_N.uexp" 873
"D:/Unreal Projects/Dodging_Bullets/Content/Models/FPWeapon/Materials/MaterialLayers/ML_SoftMetal_UE4.uasset" 874
"D:/Unreal Projects/Dodging_Bullets/Content/Models/FPWeapon/Materials/MaterialLayers/ML_SoftMetal_UE4.uexp" 875
"D:/Unreal Projects/Dodging_Bullets/Content/Models/FPWeapon/Materials/M_FPGun.uasset" 876
"D:/Unreal Projects/Dodging_Bullets/Content/Models/FPWeapon/Materials/M_FPGun.uexp" 877
"D:/Unreal Projects/Dodging_Bullets/Content/Models/FPWeapon/Mesh/SK_FPGun_Skeleton.uasset" 878
"D:/Unreal Projects/Dodging_Bullets/Content/Models/FPWeapon/Mesh/SK_FPGun_Skeleton.uexp" 879
"D:/Unreal Projects/Dodging_Bullets/Content/Models/FPWeapon/Mesh/SK_FPGun_PhysicsAsset.uasset" 880
"D:/Unreal Projects/Dodging_Bullets/Content/Models/FPWeapon/Mesh/SK_FPGun_PhysicsAsset.uexp" 881
"D:/Unreal Projects/Dodging_Bullets/Content/Models/FPWeapon/Mesh/SK_FPGun.uasset" 882
"D:/Unreal Projects/Dodging_Bullets/Content/Models/FPWeapon/Mesh/SK_FPGun.uexp" 883
"D:/Unreal Projects/Dodging_Bullets/Content/Models/FPWeapon/Materials/RifleMat.uasset" 884
"D:/Unreal Projects/Dodging_Bullets/Content/Models/FPWeapon/Materials/RifleMat.uexp" 885
"D:/Unreal Projects/Dodging_Bullets/Content/Blueprints/Weapons/Actors/Rifle.uasset" 886
"D:/Unreal Projects/Dodging_Bullets/Content/Blueprints/Weapons/Actors/Rifle.uexp" 887
"D:/Unreal Projects/Dodging_Bullets/Content/Models/FPWeapon/Materials/ShotgunMat.uasset" 888
"D:/Unreal Projects/Dodging_Bullets/Content/Models/FPWeapon/Materials/ShotgunMat.uexp" 889
"D:/Unreal Projects/Dodging_Bullets/Content/Blueprints/Weapons/Actors/Shotgun.uasset" 890
"D:/Unreal Projects/Dodging_Bullets/Content/Blueprints/Weapons/Actors/Shotgun.uexp" 891
"D:/Unreal Projects/Dodging_Bullets/Content/Blueprints/DataTables/Loadout_DTable.uasset" 892
"D:/Unreal Projects/Dodging_Bullets/Content/Blueprints/DataTables/Loadout_DTable.uexp" 893
"D:/Unreal Projects/Dodging_Bullets/Content/Blueprints/UI/Loadout_UI.uasset" 894
"D:/Unreal Projects/Dodging_Bullets/Content/Blueprints/UI/Loadout_UI.uexp" 895
"D:/Unreal Projects/Dodging_Bullets/Content/Blueprints/UI/PauseMenu_UI.uasset" 896
"D:/Unreal Projects/Dodging_Bullets/Content/Blueprints/UI/PauseMenu_UI.uexp" 897
"D:/Unreal Projects/Dodging_Bullets/Content/Models/FirstPerson/Character/Mesh/SK_Mannequin_Arms_Skeleton.uasset" 898
"D:/Unreal Projects/Dodging_Bullets/Content/Models/FirstPerson/Character/Mesh/SK_Mannequin_Arms_Skeleton.uexp" 899
"D:/Unreal Projects/Dodging_Bullets/Content/Models/FirstPerson/Animations/FirstPerson_JumpStart.uasset" 900
"D:/Unreal Projects/Dodging_Bullets/Content/Models/FirstPerson/Animations/FirstPerson_JumpStart.uexp" 901
"D:/Unreal Projects/Dodging_Bullets/Content/Models/FirstPerson/Animations/FirstPerson_JumpEnd.uasset" 902
"D:/Unreal Projects/Dodging_Bullets/Content/Models/FirstPerson/Animations/FirstPerson_JumpEnd.uexp" 903
"D:/Unreal Projects/Dodging_Bullets/Content/Models/FirstPerson/Animations/FirstPerson_Run.uasset" 904
"D:/Unreal Projects/Dodging_Bullets/Content/Models/FirstPerson/Animations/FirstPerson_Run.uexp" 905
"D:/Unreal Projects/Dodging_Bullets/Content/Models/FirstPerson/Animations/FirstPerson_Idle.uasset" 906
"D:/Unreal Projects/Dodging_Bullets/Content/Models/FirstPerson/Animations/FirstPerson_Idle.uexp" 907
"D:/Unreal Projects/Dodging_Bullets/Content/Models/FirstPerson/Animations/FirstPerson_JumpLoop.uasset" 908
"D:/Unreal Projects/Dodging_Bullets/Content/Models/FirstPerson/Animations/FirstPerson_JumpLoop.uexp" 909
"D:/Unreal Projects/Dodging_Bullets/Content/Models/FirstPerson/Animations/FirstPerson_AnimBP.uasset" 910
"D:/Unreal Projects/Dodging_Bullets/Content/Models/FirstPerson/Animations/FirstPerson_AnimBP.uexp" 911
"D:/Unreal Projects/Dodging_Bullets/Content/Blueprints/misc/E_MovementState.uasset" 912
"D:/Unreal Projects/Dodging_Bullets/Content/Blueprints/misc/E_MovementState.uexp" 913
"D:/Unreal Projects/Dodging_Bullets/Content/Models/FirstPerson/Character/Mesh/SK_Mannequin_Arms_PhysicsAsset.uasset" 914
"D:/Unreal Projects/Dodging_Bullets/Content/Models/FirstPerson/Character/Mesh/SK_Mannequin_Arms_PhysicsAsset.uexp" 915
"D:/Unreal Projects/Dodging_Bullets/Content/Models/FirstPerson/Character/Materials/MaterialLayers/T_ML_Aluminum01_N.ubulk" 916
"D:/Unreal Projects/Dodging_Bullets/Content/Models/FirstPerson/Character/Materials/MaterialLayers/T_ML_Aluminum01_N.uasset" 917
"D:/Unreal Projects/Dodging_Bullets/Content/Models/FirstPerson/Character/Materials/MaterialLayers/T_ML_Aluminum01_N.uexp" 918
"D:/Unreal Projects/Dodging_Bullets/Content/Models/FirstPerson/Character/Materials/MaterialLayers/T_ML_Aluminum01.ubulk" 919
"D:/Unreal Projects/Dodging_Bullets/Content/Models/FirstPerson/Character/Materials/MaterialLayers/T_ML_Aluminum01.uasset" 920
"D:/Unreal Projects/Dodging_Bullets/Content/Models/FirstPerson/Character/Materials/MaterialLayers/T_ML_Aluminum01.uexp" 921
"D:/Unreal Projects/Dodging_Bullets/Content/Models/FirstPerson/Character/Materials/MaterialLayers/ML_SoftMetal_UE4.uasset" 922
"D:/Unreal Projects/Dodging_Bullets/Content/Models/FirstPerson/Character/Materials/MaterialLayers/ML_SoftMetal_UE4.uexp" 923
"D:/Unreal Projects/Dodging_Bullets/Content/Models/FirstPerson/Character/Materials/MaterialLayers/ML_Plastic_Shiny_Beige.uasset" 924
"D:/Unreal Projects/Dodging_Bullets/Content/Models/FirstPerson/Character/Materials/MaterialLayers/ML_Plastic_Shiny_Beige.uexp" 925
"D:/Unreal Projects/Dodging_Bullets/Content/Models/FirstPerson/Character/Materials/MaterialLayers/T_ML_Rubber_Blue_01_N.ubulk" 926
"D:/Unreal Projects/Dodging_Bullets/Content/Models/FirstPerson/Character/Materials/MaterialLayers/T_ML_Rubber_Blue_01_N.uasset" 927
"D:/Unreal Projects/Dodging_Bullets/Content/Models/FirstPerson/Character/Materials/MaterialLayers/T_ML_Rubber_Blue_01_N.uexp" 928
"D:/Unreal Projects/Dodging_Bullets/Content/Models/FirstPerson/Character/Materials/MaterialLayers/T_ML_Rubber_Blue_01_D.ubulk" 929
"D:/Unreal Projects/Dodging_Bullets/Content/Models/FirstPerson/Character/Materials/MaterialLayers/T_ML_Rubber_Blue_01_D.uasset" 930
"D:/Unreal Projects/Dodging_Bullets/Content/Models/FirstPerson/Character/Materials/MaterialLayers/T_ML_Rubber_Blue_01_D.uexp" 931
"D:/Unreal Projects/Dodging_Bullets/Content/Models/FirstPerson/Character/Materials/MaterialLayers/ML_GlossyBlack_Latex_UE4.uasset" 932
"D:/Unreal Projects/Dodging_Bullets/Content/Models/FirstPerson/Character/Materials/MaterialLayers/ML_GlossyBlack_Latex_UE4.uexp" 933
"D:/Unreal Projects/Dodging_Bullets/Content/Models/FirstPerson/Character/Textures/UE4_LOGO_CARD.ubulk" 934
"D:/Unreal Projects/Dodging_Bullets/Content/Models/FirstPerson/Character/Textures/UE4_LOGO_CARD.uasset" 935
"D:/Unreal Projects/Dodging_Bullets/Content/Models/FirstPerson/Character/Textures/UE4_LOGO_CARD.uexp" 936
"D:/Unreal Projects/Dodging_Bullets/Content/Models/FirstPerson/Character/Materials/MaterialLayers/ML_Plastic_Shiny_Beige_LOGO.uasset" 937
"D:/Unreal Projects/Dodging_Bullets/Content/Models/FirstPerson/Character/Materials/MaterialLayers/ML_Plastic_Shiny_Beige_LOGO.uexp" 938
"D:/Unreal Projects/Dodging_Bullets/Content/Models/FirstPerson/Character/Textures/UE4_Mannequin_MAT_MASKA.ubulk" 939
"D:/Unreal Projects/Dodging_Bullets/Content/Models/FirstPerson/Character/Textures/UE4_Mannequin_MAT_MASKA.uasset" 940
"D:/Unreal Projects/Dodging_Bullets/Content/Models/FirstPerson/Character/Textures/UE4_Mannequin_MAT_MASKA.uexp" 941
"D:/Unreal Projects/Dodging_Bullets/Content/Models/FirstPerson/Character/Textures/UE4_Mannequin__normals.ubulk" 942
"D:/Unreal Projects/Dodging_Bullets/Content/Models/FirstPerson/Character/Textures/UE4_Mannequin__normals.uasset" 943
"D:/Unreal Projects/Dodging_Bullets/Content/Models/FirstPerson/Character/Textures/UE4_Mannequin__normals.uexp" 944
"D:/Unreal Projects/Dodging_Bullets/Content/Models/FirstPerson/Character/Materials/M_UE4Man_Body.uasset" 945
"D:/Unreal Projects/Dodging_Bullets/Content/Models/FirstPerson/Character/Materials/M_UE4Man_Body.uexp" 946
"D:/Unreal Projects/Dodging_Bullets/Content/Models/FirstPerson/Character/Mesh/SK_Mannequin_Arms.uasset" 947
"D:/Unreal Projects/Dodging_Bullets/Content/Models/FirstPerson/Character/Mesh/SK_Mannequin_Arms.uexp" 948
"D:/Unreal Projects/Dodging_Bullets/Content/Blueprints/Player/Main/PlayerM_CH.uasset" 949
"D:/Unreal Projects/Dodging_Bullets/Content/Blueprints/Player/Main/PlayerM_CH.uexp" 950
"D:/Unreal Projects/Dodging_Bullets/Content/Materials/PortalLight_M.uasset" 951
"D:/Unreal Projects/Dodging_Bullets/Content/Materials/PortalLight_M.uexp" 952
"D:/Unreal Projects/Dodging_Bullets/Content/Blueprints/misc/TutorialPortal.uasset" 953
"D:/Unreal Projects/Dodging_Bullets/Content/Blueprints/misc/TutorialPortal.uexp" 954
"D:/Unreal Projects/Dodging_Bullets/Content/Blueprints/UI/HUD_UI.uasset" 955
"D:/Unreal Projects/Dodging_Bullets/Content/Blueprints/UI/HUD_UI.uexp" 956
"D:/Unreal Projects/Dodging_Bullets/Content/Blueprints/Player/Main/PlayerHUD.uasset" 957
"D:/Unreal Projects/Dodging_Bullets/Content/Blueprints/Player/Main/PlayerHUD.uexp" 958
"D:/Unreal Projects/Dodging_Bullets/Content/Blueprints/Player/Main/PlayerM_GM.uasset" 959
"D:/Unreal Projects/Dodging_Bullets/Content/Blueprints/Player/Main/PlayerM_GM.uexp" 960
"D:/Unreal Projects/Dodging_Bullets/Content/Maps/DemoWorld_BuiltData.ubulk" 961
"D:/Unreal Projects/Dodging_Bullets/Content/Maps/DemoWorld_BuiltData.uasset" 962
"D:/Unreal Projects/Dodging_Bullets/Content/Maps/DemoWorld_BuiltData.uexp" 963
"D:/Unreal Projects/Dodging_Bullets/Content/Maps/DemoWorld.uexp" 964
"D:/Unreal Projects/Dodging_Bullets/Content/Maps/DemoWorld.umap" 965
"../../../Engine/Content/Maps/Entry_BuiltData.uasset" 966
"../../../Engine/Content/Maps/Entry_BuiltData.uexp" 967
"../../../Engine/Content/Maps/Entry.uexp" 968
"../../../Engine/Content/Maps/Entry.umap" 969
